#
# There is insufficient memory for the Java Runtime Environment to continue.
# Native memory allocation (malloc) failed to allocate 755056 bytes for Chunk::new
# Possible reasons:
#   The system is out of physical RAM or swap space
#   The process is running with CompressedOops enabled, and the Java Heap may be blocking the growth of the native heap
# Possible solutions:
#   Reduce memory load on the system
#   Increase physical memory or swap space
#   Check if swap backing store is full
#   Decrease Java heap size (-Xmx/-Xms)
#   Decrease number of Java threads
#   Decrease Java thread stack sizes (-Xss)
#   Set larger code cache with -XX:ReservedCodeCacheSize=
#   JVM is running with Zero Based Compressed Oops mode in which the Java heap is
#     placed in the first 32GB address space. The Java Heap base address is the
#     maximum limit for the native heap growth. Please use -XX:HeapBaseMinAddress
#     to set the Java Heap base and to place the Java Heap above 32GB virtual address.
# This output file may be truncated or incomplete.
#
#  Out of Memory Error (arena.cpp:191), pid=23272, tid=21964
#
# JRE version: OpenJDK Runtime Environment Temurin-17.0.10+7 (17.0.10+7) (build 17.0.10+7)
# Java VM: OpenJDK 64-Bit Server VM Temurin-17.0.10+7 (17.0.10+7, mixed mode, tiered, compressed oops, compressed class ptrs, g1 gc, windows-amd64)
# No core dump will be written. Minidumps are not enabled by default on client versions of Windows
#

---------------  S U M M A R Y ------------

Command Line: -XX:+ShowCodeDetailsInExceptionMessages -Dspring.jmx.enabled=true -Dmanagement.endpoints.jmx.exposure.include=* -Dspring.application.admin.enabled=true -Dspring.boot.project.name=bancandes -Djava.rmi.server.hostname=localhost com.bancandes.BancandesApplication

Host: AMD Ryzen 5 3500U with Radeon Vega Mobile Gfx  , 8 cores, 9G,  Windows 11 , 64 bit Build 22621 (10.0.22621.3374)
Time: Sun Apr 28 01:15:00 2024 Hora est. Pacífico, Sudamérica elapsed time: 1.567017 seconds (0d 0h 0m 1s)

---------------  T H R E A D  ---------------

Current thread (0x000001ba72142d90):  JavaThread "C2 CompilerThread0" daemon [_thread_in_native, id=21964, stack(0x00000057fba00000,0x00000057fbb00000)]


Current CompileTask:
C2:   1567 1414       4       org.springframework.boot.context.properties.source.ConfigurationPropertyName$ElementsParser::parse (234 bytes)

Stack: [0x00000057fba00000,0x00000057fbb00000]
Native frames: (J=compiled Java code, j=interpreted, Vv=VM code, C=native code)
V  [jvm.dll+0x67d2c9]
V  [jvm.dll+0x834afa]
V  [jvm.dll+0x8365be]
V  [jvm.dll+0x836c23]
V  [jvm.dll+0x2477ff]
V  [jvm.dll+0xac514]
V  [jvm.dll+0xacb5c]
V  [jvm.dll+0x3667d7]
V  [jvm.dll+0x1bcf72]
V  [jvm.dll+0x21a049]
V  [jvm.dll+0x219311]
V  [jvm.dll+0x1a502d]
V  [jvm.dll+0x2290de]
V  [jvm.dll+0x2272ac]
V  [jvm.dll+0x7e9bb7]
V  [jvm.dll+0x7e3fba]
V  [jvm.dll+0x67c1b5]
C  [ucrtbase.dll+0x29333]
C  [KERNEL32.DLL+0x1257d]
C  [ntdll.dll+0x5aa48]


---------------  P R O C E S S  ---------------

Threads class SMR info:
_java_thread_list=0x000001ba77654510, length=16, elements={
0x000001ba57891dc0, 0x000001ba72105390, 0x000001ba72107230, 0x000001ba7210ea40,
0x000001ba721399d0, 0x000001ba7213c3b0, 0x000001ba72142190, 0x000001ba72142d90,
0x000001ba7214c6c0, 0x000001ba7217f760, 0x000001ba722bd340, 0x000001ba722c6f40,
0x000001ba724b8e70, 0x000001ba772fbb90, 0x000001ba72e16f50, 0x000001ba77886c20
}

Java Threads: ( => current thread )
  0x000001ba57891dc0 JavaThread "main" [_thread_blocked, id=14808, stack(0x00000057fad00000,0x00000057fae00000)]
  0x000001ba72105390 JavaThread "Reference Handler" daemon [_thread_blocked, id=23136, stack(0x00000057fb400000,0x00000057fb500000)]
  0x000001ba72107230 JavaThread "Finalizer" daemon [_thread_blocked, id=18292, stack(0x00000057fb500000,0x00000057fb600000)]
  0x000001ba7210ea40 JavaThread "Signal Dispatcher" daemon [_thread_blocked, id=14460, stack(0x00000057fb600000,0x00000057fb700000)]
  0x000001ba721399d0 JavaThread "Attach Listener" daemon [_thread_blocked, id=13628, stack(0x00000057fb700000,0x00000057fb800000)]
  0x000001ba7213c3b0 JavaThread "Service Thread" daemon [_thread_blocked, id=21876, stack(0x00000057fb800000,0x00000057fb900000)]
  0x000001ba72142190 JavaThread "Monitor Deflation Thread" daemon [_thread_blocked, id=16436, stack(0x00000057fb900000,0x00000057fba00000)]
=>0x000001ba72142d90 JavaThread "C2 CompilerThread0" daemon [_thread_in_native, id=21964, stack(0x00000057fba00000,0x00000057fbb00000)]
  0x000001ba7214c6c0 JavaThread "C1 CompilerThread0" daemon [_thread_blocked, id=18368, stack(0x00000057fbb00000,0x00000057fbc00000)]
  0x000001ba7217f760 JavaThread "Sweeper thread" daemon [_thread_blocked, id=316, stack(0x00000057fbc00000,0x00000057fbd00000)]
  0x000001ba722bd340 JavaThread "Notification Thread" daemon [_thread_blocked, id=21948, stack(0x00000057fbd00000,0x00000057fbe00000)]
  0x000001ba722c6f40 JavaThread "Common-Cleaner" daemon [_thread_blocked, id=23156, stack(0x00000057fbf00000,0x00000057fc000000)]
  0x000001ba724b8e70 JavaThread "C2 CompilerThread1" daemon [_thread_in_native, id=22104, stack(0x00000057fc000000,0x00000057fc100000)]
  0x000001ba772fbb90 JavaThread "Thread-0" [_thread_blocked, id=22296, stack(0x00000057fc100000,0x00000057fc200000)]
  0x000001ba72e16f50 JavaThread "restartedMain" [_thread_in_vm, id=22700, stack(0x00000057fc200000,0x00000057fc300000)]
  0x000001ba77886c20 JavaThread "background-preinit" [_thread_in_vm, id=11592, stack(0x00000057fc800000,0x00000057fc900000)]

Other Threads:
  0x000001ba720ed830 VMThread "VM Thread" [stack: 0x00000057fb300000,0x00000057fb400000] [id=4088]
  0x000001ba722bfe40 WatcherThread [stack: 0x00000057fbe00000,0x00000057fbf00000] [id=13128]
  0x000001ba578e7040 GCTaskThread "GC Thread#0" [stack: 0x00000057fae00000,0x00000057faf00000] [id=16924]
  0x000001ba72e13c50 GCTaskThread "GC Thread#1" [stack: 0x00000057fc300000,0x00000057fc400000] [id=22744]
  0x000001ba773e72b0 GCTaskThread "GC Thread#2" [stack: 0x00000057fc400000,0x00000057fc500000] [id=8404]
  0x000001ba772e2900 GCTaskThread "GC Thread#3" [stack: 0x00000057fc500000,0x00000057fc600000] [id=10492]
  0x000001ba77496a70 GCTaskThread "GC Thread#4" [stack: 0x00000057fc600000,0x00000057fc700000] [id=22012]
  0x000001ba77097c20 GCTaskThread "GC Thread#5" [stack: 0x00000057fc700000,0x00000057fc800000] [id=11588]
  0x000001ba578f2db0 ConcurrentGCThread "G1 Main Marker" [stack: 0x00000057faf00000,0x00000057fb000000] [id=21648]
  0x000001ba578f3f70 ConcurrentGCThread "G1 Conc#0" [stack: 0x00000057fb000000,0x00000057fb100000] [id=21788]
  0x000001ba71f580e0 ConcurrentGCThread "G1 Refine#0" [stack: 0x00000057fb100000,0x00000057fb200000] [id=21960]
  0x000001ba71f58b10 ConcurrentGCThread "G1 Service" [stack: 0x00000057fb200000,0x00000057fb300000] [id=21888]

Threads with active compile tasks:
C2 CompilerThread0     1593 1414       4       org.springframework.boot.context.properties.source.ConfigurationPropertyName$ElementsParser::parse (234 bytes)
C2 CompilerThread1     1593 1529       4       org.springframework.util.ConcurrentReferenceHashMap$Segment::restructureIfNecessary (56 bytes)

VM state: not at safepoint (normal execution)

VM Mutex/Monitor currently owned by a thread: None

Heap address: 0x0000000761e00000, size: 2530 MB, Compressed Oops mode: Zero based, Oop shift amount: 3

CDS archive(s) not mapped
Compressed class space mapped at: 0x0000000800000000-0x0000000840000000, reserved size: 1073741824
Narrow klass base: 0x0000000800000000, Narrow klass shift: 0, Narrow klass range: 0x40000000

GC Precious Log:
 CPUs: 8 total, 8 available
 Memory: 10116M
 Large Page Support: Disabled
 NUMA Support: Disabled
 Compressed Oops: Enabled (Zero based)
 Heap Region Size: 2M
 Heap Min Capacity: 8M
 Heap Initial Capacity: 160M
 Heap Max Capacity: 2530M
 Pre-touch: Disabled
 Parallel Workers: 8
 Concurrent Workers: 2
 Concurrent Refinement Workers: 8
 Periodic GC: Disabled

Heap:
 garbage-first heap   total 163840K, used 20929K [0x0000000761e00000, 0x0000000800000000)
  region size 2048K, 10 young (20480K), 2 survivors (4096K)
 Metaspace       used 15371K, committed 15552K, reserved 1114112K
  class space    used 1773K, committed 1856K, reserved 1048576K

Heap Regions: E=young(eden), S=young(survivor), O=old, HS=humongous(starts), HC=humongous(continues), CS=collection set, F=free, OA=open archive, CA=closed archive, TAMS=top-at-mark-start (previous, next)
|   0|0x0000000761e00000, 0x0000000762000000, 0x0000000762000000|100%| O|  |TAMS 0x0000000761e00000, 0x0000000761e00000| Untracked 
|   1|0x0000000762000000, 0x0000000762070600, 0x0000000762200000| 21%| O|  |TAMS 0x0000000762000000, 0x0000000762000000| Untracked 
|   2|0x0000000762200000, 0x0000000762200000, 0x0000000762400000|  0%| F|  |TAMS 0x0000000762200000, 0x0000000762200000| Untracked 
|   3|0x0000000762400000, 0x0000000762400000, 0x0000000762600000|  0%| F|  |TAMS 0x0000000762400000, 0x0000000762400000| Untracked 
|   4|0x0000000762600000, 0x0000000762600000, 0x0000000762800000|  0%| F|  |TAMS 0x0000000762600000, 0x0000000762600000| Untracked 
|   5|0x0000000762800000, 0x0000000762800000, 0x0000000762a00000|  0%| F|  |TAMS 0x0000000762800000, 0x0000000762800000| Untracked 
|   6|0x0000000762a00000, 0x0000000762a00000, 0x0000000762c00000|  0%| F|  |TAMS 0x0000000762a00000, 0x0000000762a00000| Untracked 
|   7|0x0000000762c00000, 0x0000000762c00000, 0x0000000762e00000|  0%| F|  |TAMS 0x0000000762c00000, 0x0000000762c00000| Untracked 
|   8|0x0000000762e00000, 0x0000000762e00000, 0x0000000763000000|  0%| F|  |TAMS 0x0000000762e00000, 0x0000000762e00000| Untracked 
|   9|0x0000000763000000, 0x0000000763000000, 0x0000000763200000|  0%| F|  |TAMS 0x0000000763000000, 0x0000000763000000| Untracked 
|  10|0x0000000763200000, 0x0000000763200000, 0x0000000763400000|  0%| F|  |TAMS 0x0000000763200000, 0x0000000763200000| Untracked 
|  11|0x0000000763400000, 0x0000000763400000, 0x0000000763600000|  0%| F|  |TAMS 0x0000000763400000, 0x0000000763400000| Untracked 
|  12|0x0000000763600000, 0x0000000763600000, 0x0000000763800000|  0%| F|  |TAMS 0x0000000763600000, 0x0000000763600000| Untracked 
|  13|0x0000000763800000, 0x0000000763800000, 0x0000000763a00000|  0%| F|  |TAMS 0x0000000763800000, 0x0000000763800000| Untracked 
|  14|0x0000000763a00000, 0x0000000763a00000, 0x0000000763c00000|  0%| F|  |TAMS 0x0000000763a00000, 0x0000000763a00000| Untracked 
|  15|0x0000000763c00000, 0x0000000763c00000, 0x0000000763e00000|  0%| F|  |TAMS 0x0000000763c00000, 0x0000000763c00000| Untracked 
|  16|0x0000000763e00000, 0x0000000763e00000, 0x0000000764000000|  0%| F|  |TAMS 0x0000000763e00000, 0x0000000763e00000| Untracked 
|  17|0x0000000764000000, 0x0000000764000000, 0x0000000764200000|  0%| F|  |TAMS 0x0000000764000000, 0x0000000764000000| Untracked 
|  18|0x0000000764200000, 0x0000000764200000, 0x0000000764400000|  0%| F|  |TAMS 0x0000000764200000, 0x0000000764200000| Untracked 
|  19|0x0000000764400000, 0x0000000764400000, 0x0000000764600000|  0%| F|  |TAMS 0x0000000764400000, 0x0000000764400000| Untracked 
|  20|0x0000000764600000, 0x0000000764600000, 0x0000000764800000|  0%| F|  |TAMS 0x0000000764600000, 0x0000000764600000| Untracked 
|  21|0x0000000764800000, 0x0000000764800000, 0x0000000764a00000|  0%| F|  |TAMS 0x0000000764800000, 0x0000000764800000| Untracked 
|  22|0x0000000764a00000, 0x0000000764a00000, 0x0000000764c00000|  0%| F|  |TAMS 0x0000000764a00000, 0x0000000764a00000| Untracked 
|  23|0x0000000764c00000, 0x0000000764c00000, 0x0000000764e00000|  0%| F|  |TAMS 0x0000000764c00000, 0x0000000764c00000| Untracked 
|  24|0x0000000764e00000, 0x0000000764e00000, 0x0000000765000000|  0%| F|  |TAMS 0x0000000764e00000, 0x0000000764e00000| Untracked 
|  25|0x0000000765000000, 0x0000000765000000, 0x0000000765200000|  0%| F|  |TAMS 0x0000000765000000, 0x0000000765000000| Untracked 
|  26|0x0000000765200000, 0x0000000765200000, 0x0000000765400000|  0%| F|  |TAMS 0x0000000765200000, 0x0000000765200000| Untracked 
|  27|0x0000000765400000, 0x0000000765400000, 0x0000000765600000|  0%| F|  |TAMS 0x0000000765400000, 0x0000000765400000| Untracked 
|  28|0x0000000765600000, 0x0000000765600000, 0x0000000765800000|  0%| F|  |TAMS 0x0000000765600000, 0x0000000765600000| Untracked 
|  29|0x0000000765800000, 0x0000000765800000, 0x0000000765a00000|  0%| F|  |TAMS 0x0000000765800000, 0x0000000765800000| Untracked 
|  30|0x0000000765a00000, 0x0000000765a00000, 0x0000000765c00000|  0%| F|  |TAMS 0x0000000765a00000, 0x0000000765a00000| Untracked 
|  31|0x0000000765c00000, 0x0000000765c00000, 0x0000000765e00000|  0%| F|  |TAMS 0x0000000765c00000, 0x0000000765c00000| Untracked 
|  32|0x0000000765e00000, 0x0000000765e00000, 0x0000000766000000|  0%| F|  |TAMS 0x0000000765e00000, 0x0000000765e00000| Untracked 
|  33|0x0000000766000000, 0x0000000766000000, 0x0000000766200000|  0%| F|  |TAMS 0x0000000766000000, 0x0000000766000000| Untracked 
|  34|0x0000000766200000, 0x0000000766200000, 0x0000000766400000|  0%| F|  |TAMS 0x0000000766200000, 0x0000000766200000| Untracked 
|  35|0x0000000766400000, 0x0000000766400000, 0x0000000766600000|  0%| F|  |TAMS 0x0000000766400000, 0x0000000766400000| Untracked 
|  36|0x0000000766600000, 0x0000000766600000, 0x0000000766800000|  0%| F|  |TAMS 0x0000000766600000, 0x0000000766600000| Untracked 
|  37|0x0000000766800000, 0x0000000766800000, 0x0000000766a00000|  0%| F|  |TAMS 0x0000000766800000, 0x0000000766800000| Untracked 
|  38|0x0000000766a00000, 0x0000000766a00000, 0x0000000766c00000|  0%| F|  |TAMS 0x0000000766a00000, 0x0000000766a00000| Untracked 
|  39|0x0000000766c00000, 0x0000000766c00000, 0x0000000766e00000|  0%| F|  |TAMS 0x0000000766c00000, 0x0000000766c00000| Untracked 
|  40|0x0000000766e00000, 0x0000000766e00000, 0x0000000767000000|  0%| F|  |TAMS 0x0000000766e00000, 0x0000000766e00000| Untracked 
|  41|0x0000000767000000, 0x0000000767000000, 0x0000000767200000|  0%| F|  |TAMS 0x0000000767000000, 0x0000000767000000| Untracked 
|  42|0x0000000767200000, 0x0000000767200000, 0x0000000767400000|  0%| F|  |TAMS 0x0000000767200000, 0x0000000767200000| Untracked 
|  43|0x0000000767400000, 0x0000000767400000, 0x0000000767600000|  0%| F|  |TAMS 0x0000000767400000, 0x0000000767400000| Untracked 
|  44|0x0000000767600000, 0x0000000767600000, 0x0000000767800000|  0%| F|  |TAMS 0x0000000767600000, 0x0000000767600000| Untracked 
|  45|0x0000000767800000, 0x0000000767800000, 0x0000000767a00000|  0%| F|  |TAMS 0x0000000767800000, 0x0000000767800000| Untracked 
|  46|0x0000000767a00000, 0x0000000767a00000, 0x0000000767c00000|  0%| F|  |TAMS 0x0000000767a00000, 0x0000000767a00000| Untracked 
|  47|0x0000000767c00000, 0x0000000767c00000, 0x0000000767e00000|  0%| F|  |TAMS 0x0000000767c00000, 0x0000000767c00000| Untracked 
|  48|0x0000000767e00000, 0x0000000767e00000, 0x0000000768000000|  0%| F|  |TAMS 0x0000000767e00000, 0x0000000767e00000| Untracked 
|  49|0x0000000768000000, 0x0000000768000000, 0x0000000768200000|  0%| F|  |TAMS 0x0000000768000000, 0x0000000768000000| Untracked 
|  50|0x0000000768200000, 0x0000000768200000, 0x0000000768400000|  0%| F|  |TAMS 0x0000000768200000, 0x0000000768200000| Untracked 
|  51|0x0000000768400000, 0x0000000768400000, 0x0000000768600000|  0%| F|  |TAMS 0x0000000768400000, 0x0000000768400000| Untracked 
|  52|0x0000000768600000, 0x0000000768600000, 0x0000000768800000|  0%| F|  |TAMS 0x0000000768600000, 0x0000000768600000| Untracked 
|  53|0x0000000768800000, 0x0000000768800000, 0x0000000768a00000|  0%| F|  |TAMS 0x0000000768800000, 0x0000000768800000| Untracked 
|  54|0x0000000768a00000, 0x0000000768a00000, 0x0000000768c00000|  0%| F|  |TAMS 0x0000000768a00000, 0x0000000768a00000| Untracked 
|  55|0x0000000768c00000, 0x0000000768c00000, 0x0000000768e00000|  0%| F|  |TAMS 0x0000000768c00000, 0x0000000768c00000| Untracked 
|  56|0x0000000768e00000, 0x0000000768e00000, 0x0000000769000000|  0%| F|  |TAMS 0x0000000768e00000, 0x0000000768e00000| Untracked 
|  57|0x0000000769000000, 0x0000000769000000, 0x0000000769200000|  0%| F|  |TAMS 0x0000000769000000, 0x0000000769000000| Untracked 
|  58|0x0000000769200000, 0x0000000769200000, 0x0000000769400000|  0%| F|  |TAMS 0x0000000769200000, 0x0000000769200000| Untracked 
|  59|0x0000000769400000, 0x0000000769400000, 0x0000000769600000|  0%| F|  |TAMS 0x0000000769400000, 0x0000000769400000| Untracked 
|  60|0x0000000769600000, 0x0000000769600000, 0x0000000769800000|  0%| F|  |TAMS 0x0000000769600000, 0x0000000769600000| Untracked 
|  61|0x0000000769800000, 0x0000000769800000, 0x0000000769a00000|  0%| F|  |TAMS 0x0000000769800000, 0x0000000769800000| Untracked 
|  62|0x0000000769a00000, 0x0000000769a00000, 0x0000000769c00000|  0%| F|  |TAMS 0x0000000769a00000, 0x0000000769a00000| Untracked 
|  63|0x0000000769c00000, 0x0000000769c00000, 0x0000000769e00000|  0%| F|  |TAMS 0x0000000769c00000, 0x0000000769c00000| Untracked 
|  64|0x0000000769e00000, 0x0000000769e00000, 0x000000076a000000|  0%| F|  |TAMS 0x0000000769e00000, 0x0000000769e00000| Untracked 
|  65|0x000000076a000000, 0x000000076a000000, 0x000000076a200000|  0%| F|  |TAMS 0x000000076a000000, 0x000000076a000000| Untracked 
|  66|0x000000076a200000, 0x000000076a200000, 0x000000076a400000|  0%| F|  |TAMS 0x000000076a200000, 0x000000076a200000| Untracked 
|  67|0x000000076a400000, 0x000000076a600000, 0x000000076a600000|100%| S|CS|TAMS 0x000000076a400000, 0x000000076a400000| Complete 
|  68|0x000000076a600000, 0x000000076a800000, 0x000000076a800000|100%| S|CS|TAMS 0x000000076a600000, 0x000000076a600000| Complete 
|  69|0x000000076a800000, 0x000000076a800000, 0x000000076aa00000|  0%| F|  |TAMS 0x000000076a800000, 0x000000076a800000| Untracked 
|  70|0x000000076aa00000, 0x000000076aa00000, 0x000000076ac00000|  0%| F|  |TAMS 0x000000076aa00000, 0x000000076aa00000| Untracked 
|  71|0x000000076ac00000, 0x000000076ac00000, 0x000000076ae00000|  0%| F|  |TAMS 0x000000076ac00000, 0x000000076ac00000| Untracked 
|  72|0x000000076ae00000, 0x000000076af87008, 0x000000076b000000| 76%| E|  |TAMS 0x000000076ae00000, 0x000000076ae00000| Complete 
|  73|0x000000076b000000, 0x000000076b200000, 0x000000076b200000|100%| E|CS|TAMS 0x000000076b000000, 0x000000076b000000| Complete 
|  74|0x000000076b200000, 0x000000076b400000, 0x000000076b400000|100%| E|CS|TAMS 0x000000076b200000, 0x000000076b200000| Complete 
|  75|0x000000076b400000, 0x000000076b600000, 0x000000076b600000|100%| E|CS|TAMS 0x000000076b400000, 0x000000076b400000| Complete 
|  76|0x000000076b600000, 0x000000076b800000, 0x000000076b800000|100%| E|CS|TAMS 0x000000076b600000, 0x000000076b600000| Complete 
|  77|0x000000076b800000, 0x000000076ba00000, 0x000000076ba00000|100%| E|CS|TAMS 0x000000076b800000, 0x000000076b800000| Complete 
|  78|0x000000076ba00000, 0x000000076bc00000, 0x000000076bc00000|100%| E|CS|TAMS 0x000000076ba00000, 0x000000076ba00000| Complete 
|  79|0x000000076bc00000, 0x000000076be00000, 0x000000076be00000|100%| E|CS|TAMS 0x000000076bc00000, 0x000000076bc00000| Complete 

Card table byte_map: [0x000001ba69d50000,0x000001ba6a250000] _byte_map_base: 0x000001ba66241000

Marking Bits (Prev, Next): (CMBitMap*) 0x000001ba578e7660, (CMBitMap*) 0x000001ba578e76a0
 Prev Bits: [0x000001ba6a750000, 0x000001ba6ced8000)
 Next Bits: [0x000001ba6cee0000, 0x000001ba6f668000)

Polling page: 0x000001ba57040000

Metaspace:

Usage:
  Non-class:     13.36 MB used.
      Class:      1.74 MB used.
       Both:     15.10 MB used.

Virtual space:
  Non-class space:       64.00 MB reserved,      13.44 MB ( 21%) committed,  1 nodes.
      Class space:        1.00 GB reserved,       1.88 MB ( <1%) committed,  1 nodes.
             Both:        1.06 GB reserved,      15.31 MB (  1%) committed. 

Chunk freelists:
   Non-Class:  1.77 MB
       Class:  14.11 MB
        Both:  15.88 MB

MaxMetaspaceSize: unlimited
CompressedClassSpaceSize: 1.00 GB
Initial GC threshold: 21.00 MB
Current GC threshold: 21.00 MB
CDS: off
MetaspaceReclaimPolicy: balanced
 - commit_granule_bytes: 65536.
 - commit_granule_words: 8192.
 - virtual_space_node_default_size: 8388608.
 - enlarge_chunks_in_place: 1.
 - new_chunks_are_fully_committed: 0.
 - uncommit_free_chunks: 1.
 - use_allocation_guard: 0.
 - handle_deallocations: 1.


Internal statistics:

num_allocs_failed_limit: 0.
num_arena_births: 178.
num_arena_deaths: 0.
num_vsnodes_births: 2.
num_vsnodes_deaths: 0.
num_space_committed: 245.
num_space_uncommitted: 0.
num_chunks_returned_to_freelist: 0.
num_chunks_taken_from_freelist: 463.
num_chunk_merges: 0.
num_chunk_splits: 284.
num_chunks_enlarged: 199.
num_inconsistent_stats: 0.

CodeHeap 'non-profiled nmethods': size=120000Kb used=554Kb max_used=554Kb free=119445Kb
 bounds [0x000001ba61ff0000, 0x000001ba62260000, 0x000001ba69520000]
CodeHeap 'profiled nmethods': size=120000Kb used=2868Kb max_used=2868Kb free=117131Kb
 bounds [0x000001ba5a520000, 0x000001ba5a7f0000, 0x000001ba61a50000]
CodeHeap 'non-nmethods': size=5760Kb used=1158Kb max_used=1178Kb free=4602Kb
 bounds [0x000001ba61a50000, 0x000001ba61cc0000, 0x000001ba61ff0000]
 total_blobs=1983 nmethods=1542 adapters=353
 compilation: enabled
              stopped_count=0, restarted_count=0
 full_count=0

Compilation events (20 events):
Event: 1.538 Thread 0x000001ba724b8e70 1503       4       java.util.zip.ZipFile$Source::getEntryPos (9 bytes)
Event: 1.539 Thread 0x000001ba724b8e70 nmethod 1503 0x000001ba62077010 code [0x000001ba62077180, 0x000001ba62077238]
Event: 1.542 Thread 0x000001ba724b8e70 1504 %     4       java.io.WinNTFileSystem::normalize @ 22 (143 bytes)
Event: 1.550 Thread 0x000001ba7214c6c0 1506       3       java.util.HashMap$EntryIterator::next (5 bytes)
Event: 1.550 Thread 0x000001ba7214c6c0 nmethod 1506 0x000001ba5a7d9810 code [0x000001ba5a7d99c0, 0x000001ba5a7d9b48]
Event: 1.550 Thread 0x000001ba7214c6c0 1507       3       java.util.HashMap$EntryIterator::next (5 bytes)
Event: 1.550 Thread 0x000001ba7214c6c0 nmethod 1507 0x000001ba5a7d9c10 code [0x000001ba5a7d9da0, 0x000001ba5a7d9ee8]
Event: 1.560 Thread 0x000001ba7214c6c0 1508       3       java.util.concurrent.ConcurrentHashMap$CollectionView::toArray (204 bytes)
Event: 1.561 Thread 0x000001ba7214c6c0 nmethod 1508 0x000001ba5a7d9f90 code [0x000001ba5a7da260, 0x000001ba5a7db338]
Event: 1.561 Thread 0x000001ba7214c6c0 1509       3       java.util.LinkedHashMap::get (29 bytes)
Event: 1.561 Thread 0x000001ba7214c6c0 nmethod 1509 0x000001ba5a7db890 code [0x000001ba5a7dba40, 0x000001ba5a7dbcf8]
Event: 1.561 Thread 0x000001ba7214c6c0 1510       3       org.springframework.boot.context.properties.bind.MapBinder$$Lambda$182/0x00000008001b7a88::test (12 bytes)
Event: 1.562 Thread 0x000001ba7214c6c0 nmethod 1510 0x000001ba5a7dbe10 code [0x000001ba5a7dc000, 0x000001ba5a7dc578]
Event: 1.562 Thread 0x000001ba7214c6c0 1511       3       org.springframework.boot.context.properties.source.SpringConfigurationPropertySources$SourcesIterator::next (5 bytes)
Event: 1.563 Thread 0x000001ba7214c6c0 nmethod 1511 0x000001ba5a7dc790 code [0x000001ba5a7dc960, 0x000001ba5a7dcc58]
Event: 1.563 Thread 0x000001ba7214c6c0 1512       3       org.springframework.boot.context.properties.source.SpringConfigurationPropertySources$SourcesIterator::next (24 bytes)
Event: 1.563 Thread 0x000001ba7214c6c0 nmethod 1512 0x000001ba5a7dcd90 code [0x000001ba5a7dcf40, 0x000001ba5a7dd1d8]
Event: 1.563 Thread 0x000001ba7214c6c0 1513       3       java.util.HashMap$KeySet::size (8 bytes)
Event: 1.563 Thread 0x000001ba7214c6c0 nmethod 1513 0x000001ba5a7dd310 code [0x000001ba5a7dd4a0, 0x000001ba5a7dd5b8]
Event: 1.563 Thread 0x000001ba7214c6c0 1514       3       java.util.stream.ReferencePipeline$StatelessOp::<init> (29 bytes)

GC Heap History (2 events):
Event: 0.972 GC heap before
{Heap before GC invocations=0 (full 0):
 garbage-first heap   total 163840K, used 22528K [0x0000000761e00000, 0x0000000800000000)
  region size 2048K, 11 young (22528K), 0 survivors (0K)
 Metaspace       used 11176K, committed 11328K, reserved 1114112K
  class space    used 1183K, committed 1280K, reserved 1048576K
}
Event: 0.978 GC heap after
{Heap after GC invocations=1 (full 0):
 garbage-first heap   total 163840K, used 6593K [0x0000000761e00000, 0x0000000800000000)
  region size 2048K, 2 young (4096K), 2 survivors (4096K)
 Metaspace       used 11176K, committed 11328K, reserved 1114112K
  class space    used 1183K, committed 1280K, reserved 1048576K
}

Dll operation events (7 events):
Event: 0.011 Loaded shared library C:\Users\Lenovo\.vscode\extensions\redhat.java-1.30.0-win32-x64\jre\17.0.10-win32-x86_64\bin\java.dll
Event: 0.203 Loaded shared library C:\Users\Lenovo\.vscode\extensions\redhat.java-1.30.0-win32-x64\jre\17.0.10-win32-x86_64\bin\net.dll
Event: 0.205 Loaded shared library C:\Users\Lenovo\.vscode\extensions\redhat.java-1.30.0-win32-x64\jre\17.0.10-win32-x86_64\bin\nio.dll
Event: 0.213 Loaded shared library C:\Users\Lenovo\.vscode\extensions\redhat.java-1.30.0-win32-x64\jre\17.0.10-win32-x86_64\bin\zip.dll
Event: 0.385 Loaded shared library C:\Users\Lenovo\.vscode\extensions\redhat.java-1.30.0-win32-x64\jre\17.0.10-win32-x86_64\bin\jimage.dll
Event: 0.843 Loaded shared library C:\Users\Lenovo\.vscode\extensions\redhat.java-1.30.0-win32-x64\jre\17.0.10-win32-x86_64\bin\management.dll
Event: 0.847 Loaded shared library C:\Users\Lenovo\.vscode\extensions\redhat.java-1.30.0-win32-x64\jre\17.0.10-win32-x86_64\bin\management_ext.dll

Deoptimization events (20 events):
Event: 1.401 Thread 0x000001ba72e16f50 Uncommon trap: trap_request=0xffffffde fr.pc=0x000001ba6205f888 relative=0x0000000000000808
Event: 1.401 Thread 0x000001ba72e16f50 Uncommon trap: reason=class_check action=maybe_recompile pc=0x000001ba6205f888 method=java.util.HashMap.putVal(ILjava/lang/Object;Ljava/lang/Object;ZZ)Ljava/lang/Object; @ 91 c2
Event: 1.401 Thread 0x000001ba72e16f50 DEOPT PACKING pc=0x000001ba6205f888 sp=0x00000057fc2fdb90
Event: 1.402 Thread 0x000001ba72e16f50 DEOPT UNPACKING pc=0x000001ba61aa69a3 sp=0x00000057fc2fdaa0 mode 2
Event: 1.402 Thread 0x000001ba72e16f50 Uncommon trap: trap_request=0xffffffde fr.pc=0x000001ba6205b104 relative=0x0000000000000784
Event: 1.402 Thread 0x000001ba72e16f50 Uncommon trap: reason=class_check action=maybe_recompile pc=0x000001ba6205b104 method=java.util.HashMap.putVal(ILjava/lang/Object;Ljava/lang/Object;ZZ)Ljava/lang/Object; @ 91 c2
Event: 1.402 Thread 0x000001ba72e16f50 DEOPT PACKING pc=0x000001ba6205b104 sp=0x00000057fc2fdad0
Event: 1.402 Thread 0x000001ba72e16f50 DEOPT UNPACKING pc=0x000001ba61aa69a3 sp=0x00000057fc2fda90 mode 2
Event: 1.412 Thread 0x000001ba72e16f50 Uncommon trap: trap_request=0xffffffc6 fr.pc=0x000001ba62051dc4 relative=0x0000000000000464
Event: 1.412 Thread 0x000001ba72e16f50 Uncommon trap: reason=bimorphic_or_optimized_type_check action=maybe_recompile pc=0x000001ba62051dc4 method=java.util.HashMap.getNode(Ljava/lang/Object;)Ljava/util/HashMap$Node; @ 63 c2
Event: 1.412 Thread 0x000001ba72e16f50 DEOPT PACKING pc=0x000001ba62051dc4 sp=0x00000057fc2fe050
Event: 1.412 Thread 0x000001ba72e16f50 DEOPT UNPACKING pc=0x000001ba61aa69a3 sp=0x00000057fc2fdfc8 mode 2
Event: 1.412 Thread 0x000001ba72e16f50 Uncommon trap: trap_request=0xffffffc6 fr.pc=0x000001ba62051dc4 relative=0x0000000000000464
Event: 1.412 Thread 0x000001ba72e16f50 Uncommon trap: reason=bimorphic_or_optimized_type_check action=maybe_recompile pc=0x000001ba62051dc4 method=java.util.HashMap.getNode(Ljava/lang/Object;)Ljava/util/HashMap$Node; @ 63 c2
Event: 1.412 Thread 0x000001ba72e16f50 DEOPT PACKING pc=0x000001ba62051dc4 sp=0x00000057fc2fe050
Event: 1.412 Thread 0x000001ba72e16f50 DEOPT UNPACKING pc=0x000001ba61aa69a3 sp=0x00000057fc2fdfc8 mode 2
Event: 1.418 Thread 0x000001ba72e16f50 Uncommon trap: trap_request=0xffffffc6 fr.pc=0x000001ba62051dc4 relative=0x0000000000000464
Event: 1.418 Thread 0x000001ba72e16f50 Uncommon trap: reason=bimorphic_or_optimized_type_check action=maybe_recompile pc=0x000001ba62051dc4 method=java.util.HashMap.getNode(Ljava/lang/Object;)Ljava/util/HashMap$Node; @ 63 c2
Event: 1.419 Thread 0x000001ba72e16f50 DEOPT PACKING pc=0x000001ba62051dc4 sp=0x00000057fc2fe050
Event: 1.419 Thread 0x000001ba72e16f50 DEOPT UNPACKING pc=0x000001ba61aa69a3 sp=0x00000057fc2fdfc8 mode 2

Classes unloaded (0 events):
No events

Classes redefined (0 events):
No events

Internal exceptions (20 events):
Event: 1.210 Thread 0x000001ba72e16f50 Exception <a 'java/lang/NoSuchMethodError'{0x000000076b6fdb68}: 'void java.lang.invoke.DirectMethodHandle$Holder.invokeStaticInit(java.lang.Object, java.lang.Object)'> (0x000000076b6fdb68) 
thrown [s\src\hotspot\share\interpreter\linkResolver.cpp, line 759]
Event: 1.217 Thread 0x000001ba72e16f50 Exception <a 'java/lang/NoSuchMethodError'{0x000000076b74aab8}: 'int java.lang.invoke.DirectMethodHandle$Holder.invokeStatic(java.lang.Object, java.lang.Object, java.lang.Object, java.lang.Object)'> (0x000000076b74aab8) 
thrown [s\src\hotspot\share\interpreter\linkResolver.cpp, line 759]
Event: 1.217 Thread 0x000001ba72e16f50 Exception <a 'java/lang/NoSuchMethodError'{0x000000076b74e698}: 'java.lang.Object java.lang.invoke.Invokers$Holder.invokeExact_MT(java.lang.Object, java.lang.Object, java.lang.Object, java.lang.Object, java.lang.Object, java.lang.Object)'> (0x000000076b74e698) 
thrown [s\src\hotspot\share\interpreter\linkResolver.cpp, line 759]
Event: 1.230 Thread 0x000001ba72e16f50 Exception <a 'java/lang/NoSuchMethodError'{0x000000076b7aff60}: 'java.lang.Object java.lang.invoke.DirectMethodHandle$Holder.invokeSpecial(java.lang.Object, java.lang.Object, java.lang.Object, java.lang.Object, java.lang.Object, java.lang.Object, int)'> (0x000000076b7aff60) 
thrown [s\src\hotspot\share\interpreter\linkResolver.cpp, line 759]
Event: 1.231 Thread 0x000001ba72e16f50 Exception <a 'java/lang/NoSuchMethodError'{0x000000076b7ba4c8}: 'java.lang.Object java.lang.invoke.DirectMethodHandle$Holder.newInvokeSpecial(java.lang.Object, java.lang.Object, java.lang.Object, java.lang.Object, java.lang.Object, java.lang.Object, int)'> (0x000000076b7ba4c8) 
thrown [s\src\hotspot\share\interpreter\linkResolver.cpp, line 759]
Event: 1.231 Thread 0x000001ba72e16f50 Exception <a 'java/lang/NoSuchMethodError'{0x000000076b7bf508}: 'java.lang.Object java.lang.invoke.DirectMethodHandle$Holder.invokeSpecial(java.lang.Object, java.lang.Object, java.lang.Object, java.lang.Object, java.lang.Object, java.lang.Object, java.lang.Object, int)'> (0x000000076b7bf508) 
thrown [s\src\hotspot\share\interpreter\linkResolver.cpp, line 759]
Event: 1.279 Thread 0x000001ba72e16f50 Exception <a 'java/lang/NoSuchMethodError'{0x000000076b4fa590}: 'int java.lang.invoke.DirectMethodHandle$Holder.invokeInterface(java.lang.Object, java.lang.Object)'> (0x000000076b4fa590) 
thrown [s\src\hotspot\share\interpreter\linkResolver.cpp, line 759]
Event: 1.348 Thread 0x000001ba72e16f50 Exception <a 'java/lang/NoSuchMethodError'{0x000000076b20f2c8}: 'java.lang.Object java.lang.invoke.DirectMethodHandle$Holder.invokeSpecial(java.lang.Object, java.lang.Object, java.lang.Object, int, java.lang.Object)'> (0x000000076b20f2c8) 
thrown [s\src\hotspot\share\interpreter\linkResolver.cpp, line 759]
Event: 1.349 Thread 0x000001ba72e16f50 Exception <a 'java/lang/NoSuchMethodError'{0x000000076b217928}: 'java.lang.Object java.lang.invoke.DirectMethodHandle$Holder.newInvokeSpecial(java.lang.Object, java.lang.Object, java.lang.Object, int, java.lang.Object)'> (0x000000076b217928) 
thrown [s\src\hotspot\share\interpreter\linkResolver.cpp, line 759]
Event: 1.352 Thread 0x000001ba72e16f50 Exception <a 'java/lang/NoSuchMethodError'{0x000000076b22e398}: 'java.lang.Object java.lang.invoke.DirectMethodHandle$Holder.newInvokeSpecial(java.lang.Object, int, java.lang.Object)'> (0x000000076b22e398) 
thrown [s\src\hotspot\share\interpreter\linkResolver.cpp, line 759]
Event: 1.353 Thread 0x000001ba72e16f50 Exception <a 'java/lang/NoSuchMethodError'{0x000000076b233078}: 'int java.lang.invoke.DirectMethodHandle$Holder.invokeSpecialIFC(java.lang.Object, java.lang.Object, java.lang.Object, java.lang.Object)'> (0x000000076b233078) 
thrown [s\src\hotspot\share\interpreter\linkResolver.cpp, line 759]
Event: 1.395 Thread 0x000001ba72e16f50 Exception <a 'java/lang/NoSuchMethodError'{0x000000076b3170c0}: 'void java.lang.invoke.DirectMethodHandle$Holder.invokeInterface(java.lang.Object, java.lang.Object, java.lang.Object)'> (0x000000076b3170c0) 
thrown [s\src\hotspot\share\interpreter\linkResolver.cpp, line 759]
Event: 1.445 Thread 0x000001ba72e16f50 Exception <a 'java/lang/NoSuchMethodError'{0x000000076b3c77a0}: 'void java.lang.invoke.DirectMethodHandle$Holder.invokeStaticInit(java.lang.Object, java.lang.Object, java.lang.Object)'> (0x000000076b3c77a0) 
thrown [s\src\hotspot\share\interpreter\linkResolver.cpp, line 759]
Event: 1.458 Thread 0x000001ba72e16f50 Exception <a 'java/lang/NoSuchMethodError'{0x000000076b00eca8}: 'java.lang.Object java.lang.invoke.DirectMethodHandle$Holder.invokeStatic(java.lang.Object, java.lang.Object, long, java.lang.Object)'> (0x000000076b00eca8) 
thrown [s\src\hotspot\share\interpreter\linkResolver.cpp, line 759]
Event: 1.459 Thread 0x000001ba72e16f50 Exception <a 'java/lang/NoSuchMethodError'{0x000000076b012740}: 'java.lang.Object java.lang.invoke.DirectMethodHandle$Holder.invokeStaticInit(java.lang.Object, java.lang.Object, long, java.lang.Object)'> (0x000000076b012740) 
thrown [s\src\hotspot\share\interpreter\linkResolver.cpp, line 759]
Event: 1.461 Thread 0x000001ba72e16f50 Exception <a 'java/lang/NoSuchMethodError'{0x000000076b018e88}: 'java.lang.Object java.lang.invoke.DirectMethodHandle$Holder.newInvokeSpecial(java.lang.Object, java.lang.Object, long)'> (0x000000076b018e88) 
thrown [s\src\hotspot\share\interpreter\linkResolver.cpp, line 759]
Event: 1.462 Thread 0x000001ba72e16f50 Exception <a 'java/lang/NoSuchMethodError'{0x000000076b01c9f8}: 'java.lang.Object java.lang.invoke.Invokers$Holder.linkToTargetMethod(java.lang.Object, long, java.lang.Object)'> (0x000000076b01c9f8) 
thrown [s\src\hotspot\share\interpreter\linkResolver.cpp, line 759]
Event: 1.485 Thread 0x000001ba72e16f50 Exception <a 'java/lang/NoSuchMethodError'{0x000000076b06fa00}: 'void java.lang.invoke.DirectMethodHandle$Holder.invokeSpecial(java.lang.Object, java.lang.Object, java.lang.Object, java.lang.Object, java.lang.Object)'> (0x000000076b06fa00) 
thrown [s\src\hotspot\share\interpreter\linkResolver.cpp, line 759]
Event: 1.486 Thread 0x000001ba72e16f50 Exception <a 'java/lang/NoSuchMethodError'{0x000000076b077f90}: 'void java.lang.invoke.DirectMethodHandle$Holder.invokeVirtual(java.lang.Object, java.lang.Object, java.lang.Object, java.lang.Object)'> (0x000000076b077f90) 
thrown [s\src\hotspot\share\interpreter\linkResolver.cpp, line 759]
Event: 1.561 Thread 0x000001ba72e16f50 Exception <a 'java/lang/NoSuchMethodError'{0x000000076b1cf0b0}: 'void java.lang.invoke.DirectMethodHandle$Holder.invokeSpecial(java.lang.Object, java.lang.Object, java.lang.Object)'> (0x000000076b1cf0b0) 
thrown [s\src\hotspot\share\interpreter\linkResolver.cpp, line 759]

VM Operations (20 events):
Event: 0.230 Executing VM operation: HandshakeAllThreads
Event: 0.230 Executing VM operation: HandshakeAllThreads done
Event: 0.374 Executing VM operation: HandshakeAllThreads
Event: 0.374 Executing VM operation: HandshakeAllThreads done
Event: 0.395 Executing VM operation: HandshakeAllThreads
Event: 0.395 Executing VM operation: HandshakeAllThreads done
Event: 0.538 Executing VM operation: HandshakeAllThreads
Event: 0.538 Executing VM operation: HandshakeAllThreads done
Event: 0.580 Executing VM operation: HandshakeAllThreads
Event: 0.580 Executing VM operation: HandshakeAllThreads done
Event: 0.972 Executing VM operation: G1CollectForAllocation
Event: 0.978 Executing VM operation: G1CollectForAllocation done
Event: 1.022 Executing VM operation: HandshakeAllThreads
Event: 1.022 Executing VM operation: HandshakeAllThreads done
Event: 1.302 Executing VM operation: HandshakeAllThreads
Event: 1.302 Executing VM operation: HandshakeAllThreads done
Event: 1.554 Executing VM operation: HandshakeAllThreads
Event: 1.554 Executing VM operation: HandshakeAllThreads done
Event: 1.555 Executing VM operation: HandshakeAllThreads
Event: 1.555 Executing VM operation: HandshakeAllThreads done

Events (20 events):
Event: 1.464 loading class java/util/concurrent/SynchronousQueue$Transferer done
Event: 1.464 loading class java/util/concurrent/SynchronousQueue$TransferStack done
Event: 1.464 loading class java/util/concurrent/SynchronousQueue$TransferStack$SNode
Event: 1.464 loading class java/util/concurrent/ForkJoinPool$ManagedBlocker
Event: 1.464 loading class java/util/concurrent/ForkJoinPool$ManagedBlocker done
Event: 1.464 loading class java/util/concurrent/SynchronousQueue$TransferStack$SNode done
Event: 1.483 loading class java/util/concurrent/ScheduledExecutorService
Event: 1.483 loading class java/util/concurrent/ScheduledExecutorService done
Event: 1.484 loading class java/util/concurrent/Executors$DefaultThreadFactory
Event: 1.484 loading class java/util/concurrent/Executors$DefaultThreadFactory done
Event: 1.507 loading class java/util/Stack
Event: 1.508 loading class java/util/Stack done
Event: 1.508 loading class java/util/Vector$Itr
Event: 1.509 loading class java/util/Vector$Itr done
Event: 1.512 loading class java/util/logging/Logger$SystemLoggerHelper
Event: 1.512 loading class java/util/logging/Logger$SystemLoggerHelper done
Event: 1.512 loading class java/util/logging/Logger$SystemLoggerHelper$1
Event: 1.512 loading class java/util/logging/Logger$SystemLoggerHelper$1 done
Event: 1.512 loading class jdk/internal/logger/DefaultLoggerFinder$1
Event: 1.512 loading class jdk/internal/logger/DefaultLoggerFinder$1 done


Dynamic libraries:
0x00007ff7ccaa0000 - 0x00007ff7ccaae000 	C:\Users\Lenovo\.vscode\extensions\redhat.java-1.30.0-win32-x64\jre\17.0.10-win32-x86_64\bin\java.exe
0x00007ffbe0610000 - 0x00007ffbe0826000 	C:\WINDOWS\SYSTEM32\ntdll.dll
0x00007ffbdf520000 - 0x00007ffbdf5e4000 	C:\WINDOWS\System32\KERNEL32.DLL
0x00007ffbddf30000 - 0x00007ffbde2d7000 	C:\WINDOWS\System32\KERNELBASE.dll
0x00007ffbddcd0000 - 0x00007ffbddde1000 	C:\WINDOWS\System32\ucrtbase.dll
0x00007ffbb6aa0000 - 0x00007ffbb6abb000 	C:\Users\Lenovo\.vscode\extensions\redhat.java-1.30.0-win32-x64\jre\17.0.10-win32-x86_64\bin\VCRUNTIME140.dll
0x00007ffbbace0000 - 0x00007ffbbacf7000 	C:\Users\Lenovo\.vscode\extensions\redhat.java-1.30.0-win32-x64\jre\17.0.10-win32-x86_64\bin\jli.dll
0x00007ffbdf2a0000 - 0x00007ffbdf44e000 	C:\WINDOWS\System32\USER32.dll
0x00007ffbcc930000 - 0x00007ffbccbc3000 	C:\WINDOWS\WinSxS\amd64_microsoft.windows.common-controls_6595b64144ccf1df_6.0.22621.3235_none_270f74e173860f98\COMCTL32.dll
0x00007ffbde310000 - 0x00007ffbde336000 	C:\WINDOWS\System32\win32u.dll
0x00007ffbdf5f0000 - 0x00007ffbdf697000 	C:\WINDOWS\System32\msvcrt.dll
0x00007ffbdf470000 - 0x00007ffbdf499000 	C:\WINDOWS\System32\GDI32.dll
0x00007ffbdd9a0000 - 0x00007ffbddab9000 	C:\WINDOWS\System32\gdi32full.dll
0x00007ffbddac0000 - 0x00007ffbddb5a000 	C:\WINDOWS\System32\msvcp_win.dll
0x00007ffbdfc10000 - 0x00007ffbdfc41000 	C:\WINDOWS\System32\IMM32.DLL
0x00007ffbd5ff0000 - 0x00007ffbd5ffc000 	C:\Users\Lenovo\.vscode\extensions\redhat.java-1.30.0-win32-x64\jre\17.0.10-win32-x86_64\bin\vcruntime140_1.dll
0x00007ffb5faf0000 - 0x00007ffb5fb7d000 	C:\Users\Lenovo\.vscode\extensions\redhat.java-1.30.0-win32-x64\jre\17.0.10-win32-x86_64\bin\msvcp140.dll
0x00007ffb396c0000 - 0x00007ffb3a322000 	C:\Users\Lenovo\.vscode\extensions\redhat.java-1.30.0-win32-x64\jre\17.0.10-win32-x86_64\bin\server\jvm.dll
0x00007ffbdf6d0000 - 0x00007ffbdf782000 	C:\WINDOWS\System32\ADVAPI32.dll
0x00007ffbdfd10000 - 0x00007ffbdfdb8000 	C:\WINDOWS\System32\sechost.dll
0x00007ffbde2e0000 - 0x00007ffbde308000 	C:\WINDOWS\System32\bcrypt.dll
0x00007ffbde5e0000 - 0x00007ffbde6f5000 	C:\WINDOWS\System32\RPCRT4.dll
0x00007ffbd5090000 - 0x00007ffbd50c4000 	C:\WINDOWS\SYSTEM32\WINMM.dll
0x00007ffbd0550000 - 0x00007ffbd0559000 	C:\WINDOWS\SYSTEM32\WSOCK32.dll
0x00007ffbd5860000 - 0x00007ffbd586a000 	C:\WINDOWS\SYSTEM32\VERSION.dll
0x00007ffbdf4a0000 - 0x00007ffbdf511000 	C:\WINDOWS\System32\WS2_32.dll
0x00007ffbdd800000 - 0x00007ffbdd84d000 	C:\WINDOWS\SYSTEM32\POWRPROF.dll
0x00007ffbdd7e0000 - 0x00007ffbdd7f3000 	C:\WINDOWS\SYSTEM32\UMPDC.dll
0x00007ffbdc970000 - 0x00007ffbdc988000 	C:\WINDOWS\SYSTEM32\kernel.appcore.dll
0x00007ffbcb480000 - 0x00007ffbcb48a000 	C:\Users\Lenovo\.vscode\extensions\redhat.java-1.30.0-win32-x64\jre\17.0.10-win32-x86_64\bin\jimage.dll
0x00007ffbdb340000 - 0x00007ffbdb573000 	C:\WINDOWS\SYSTEM32\DBGHELP.DLL
0x00007ffbdfdc0000 - 0x00007ffbe0148000 	C:\WINDOWS\System32\combase.dll
0x00007ffbde350000 - 0x00007ffbde427000 	C:\WINDOWS\System32\OLEAUT32.dll
0x00007ffbbd4d0000 - 0x00007ffbbd502000 	C:\WINDOWS\SYSTEM32\dbgcore.DLL
0x00007ffbdddf0000 - 0x00007ffbdde69000 	C:\WINDOWS\System32\bcryptPrimitives.dll
0x00007ffb7ba10000 - 0x00007ffb7ba35000 	C:\Users\Lenovo\.vscode\extensions\redhat.java-1.30.0-win32-x64\jre\17.0.10-win32-x86_64\bin\java.dll
0x00007ffbb68d0000 - 0x00007ffbb68e8000 	C:\Users\Lenovo\.vscode\extensions\redhat.java-1.30.0-win32-x64\jre\17.0.10-win32-x86_64\bin\zip.dll
0x00007ffbdea40000 - 0x00007ffbdf29c000 	C:\WINDOWS\System32\SHELL32.dll
0x00007ffbdb890000 - 0x00007ffbdc189000 	C:\WINDOWS\SYSTEM32\windows.storage.dll
0x00007ffbdb750000 - 0x00007ffbdb88e000 	C:\WINDOWS\SYSTEM32\wintypes.dll
0x00007ffbdfb10000 - 0x00007ffbdfc03000 	C:\WINDOWS\System32\SHCORE.dll
0x00007ffbdfcb0000 - 0x00007ffbdfd0e000 	C:\WINDOWS\System32\shlwapi.dll
0x00007ffbdd860000 - 0x00007ffbdd881000 	C:\WINDOWS\SYSTEM32\profapi.dll
0x00007ffbae5b0000 - 0x00007ffbae5c9000 	C:\Users\Lenovo\.vscode\extensions\redhat.java-1.30.0-win32-x64\jre\17.0.10-win32-x86_64\bin\net.dll
0x00007ffbd5b60000 - 0x00007ffbd5c96000 	C:\WINDOWS\SYSTEM32\WINHTTP.dll
0x00007ffbdcde0000 - 0x00007ffbdce49000 	C:\WINDOWS\system32\mswsock.dll
0x00007ffba0db0000 - 0x00007ffba0dc6000 	C:\Users\Lenovo\.vscode\extensions\redhat.java-1.30.0-win32-x64\jre\17.0.10-win32-x86_64\bin\nio.dll
0x00007ffbd8920000 - 0x00007ffbd8929000 	C:\Users\Lenovo\.vscode\extensions\redhat.java-1.30.0-win32-x64\jre\17.0.10-win32-x86_64\bin\management.dll
0x00007ffbd23f0000 - 0x00007ffbd23fb000 	C:\Users\Lenovo\.vscode\extensions\redhat.java-1.30.0-win32-x64\jre\17.0.10-win32-x86_64\bin\management_ext.dll
0x00007ffbdf7e0000 - 0x00007ffbdf7e8000 	C:\WINDOWS\System32\PSAPI.DLL

dbghelp: loaded successfully - version: 4.0.5 - missing functions: none
symbol engine: initialized successfully - sym options: 0x614 - pdb path: .;C:\Users\Lenovo\.vscode\extensions\redhat.java-1.30.0-win32-x64\jre\17.0.10-win32-x86_64\bin;C:\WINDOWS\SYSTEM32;C:\WINDOWS\WinSxS\amd64_microsoft.windows.common-controls_6595b64144ccf1df_6.0.22621.3235_none_270f74e173860f98;C:\Users\Lenovo\.vscode\extensions\redhat.java-1.30.0-win32-x64\jre\17.0.10-win32-x86_64\bin\server

VM Arguments:
jvm_args: -XX:+ShowCodeDetailsInExceptionMessages -Dspring.jmx.enabled=true -Dmanagement.endpoints.jmx.exposure.include=* -Dspring.application.admin.enabled=true -Dspring.boot.project.name=bancandes -Djava.rmi.server.hostname=localhost 
java_command: com.bancandes.BancandesApplication
java_class_path (initial): C:\Users\Lenovo\Documents\A3\bancandes\target\classes;C:\Users\Lenovo\.m2\repository\org\springframework\boot\spring-boot-starter-actuator\3.2.5\spring-boot-starter-actuator-3.2.5.jar;C:\Users\Lenovo\.m2\repository\org\springframework\boot\spring-boot-starter\3.2.5\spring-boot-starter-3.2.5.jar;C:\Users\Lenovo\.m2\repository\org\springframework\boot\spring-boot-starter-logging\3.2.5\spring-boot-starter-logging-3.2.5.jar;C:\Users\Lenovo\.m2\repository\ch\qos\logback\logback-classic\1.4.14\logback-classic-1.4.14.jar;C:\Users\Lenovo\.m2\repository\ch\qos\logback\logback-core\1.4.14\logback-core-1.4.14.jar;C:\Users\Lenovo\.m2\repository\org\apache\logging\log4j\log4j-to-slf4j\2.21.1\log4j-to-slf4j-2.21.1.jar;C:\Users\Lenovo\.m2\repository\org\apache\logging\log4j\log4j-api\2.21.1\log4j-api-2.21.1.jar;C:\Users\Lenovo\.m2\repository\org\slf4j\jul-to-slf4j\2.0.13\jul-to-slf4j-2.0.13.jar;C:\Users\Lenovo\.m2\repository\jakarta\annotation\jakarta.annotation-api\2.1.1\jakarta.annotation-api-2.1.1.jar;C:\Users\Lenovo\.m2\repository\org\yaml\snakeyaml\2.2\snakeyaml-2.2.jar;C:\Users\Lenovo\.m2\repository\org\springframework\boot\spring-boot-actuator-autoconfigure\3.2.5\spring-boot-actuator-autoconfigure-3.2.5.jar;C:\Users\Lenovo\.m2\repository\org\springframework\boot\spring-boot-actuator\3.2.5\spring-boot-actuator-3.2.5.jar;C:\Users\Lenovo\.m2\repository\com\fasterxml\jackson\core\jackson-databind\2.15.4\jackson-databind-2.15.4.jar;C:\Users\Lenovo\.m2\repository\com\fasterxml\jackson\core\jackson-annotations\2.15.4\jackson-annotations-2.15.4.jar;C:\Users\Lenovo\.m2\repository\com\fasterxml\jackson\core\jackson-core\2.15.4\jackson-core-2.15.4.jar;C:\Users\Lenovo\.m2\repository\com\fasterxml\jackson\datatype\jackson-datatype-jsr310\2.15.4\jackson-datatype-jsr310-2.15.4.jar;C:\Users\Lenovo\.m2\repository\io\micrometer\micrometer-observation\1.12.5\micrometer-observation-1.12.5.jar;C:\Users\Lenovo\.m2\repository\io\micrometer\micrometer-commons\1.12.5\mi
Launcher Type: SUN_STANDARD

[Global flags]
     intx CICompilerCount                          = 4                                         {product} {ergonomic}
     uint ConcGCThreads                            = 2                                         {product} {ergonomic}
     uint G1ConcRefinementThreads                  = 8                                         {product} {ergonomic}
   size_t G1HeapRegionSize                         = 2097152                                   {product} {ergonomic}
    uintx GCDrainStackTargetSize                   = 64                                        {product} {ergonomic}
   size_t InitialHeapSize                          = 167772160                                 {product} {ergonomic}
   size_t MarkStackSize                            = 4194304                                   {product} {ergonomic}
   size_t MaxHeapSize                              = 2652897280                                {product} {ergonomic}
   size_t MaxNewSize                               = 1591738368                                {product} {ergonomic}
   size_t MinHeapDeltaBytes                        = 2097152                                   {product} {ergonomic}
   size_t MinHeapSize                              = 8388608                                   {product} {ergonomic}
    uintx NonNMethodCodeHeapSize                   = 5839372                                {pd product} {ergonomic}
    uintx NonProfiledCodeHeapSize                  = 122909434                              {pd product} {ergonomic}
    uintx ProfiledCodeHeapSize                     = 122909434                              {pd product} {ergonomic}
    uintx ReservedCodeCacheSize                    = 251658240                              {pd product} {ergonomic}
     bool SegmentedCodeCache                       = true                                      {product} {ergonomic}
     bool ShowCodeDetailsInExceptionMessages       = true                                   {manageable} {command line}
   size_t SoftMaxHeapSize                          = 2652897280                             {manageable} {ergonomic}
     bool UseCompressedClassPointers               = true                           {product lp64_product} {ergonomic}
     bool UseCompressedOops                        = true                           {product lp64_product} {ergonomic}
     bool UseG1GC                                  = true                                      {product} {ergonomic}
     bool UseLargePagesIndividualAllocation        = false                                  {pd product} {ergonomic}

Logging:
Log output configuration:
 #0: stdout all=warning uptime,level,tags
 #1: stderr all=off uptime,level,tags

Environment Variables:
PATH=C:\Program Files\Common Files\Oracle\Java\javapath;C:\Program Files (x86)\Common Files\Oracle\Java\javapath;C:\Program Files (x86)\Razer Chroma SDK\bin;C:\Program Files\Razer Chroma SDK\bin;C:\Program Files (x86)\Razer\ChromaBroadcast\bin;C:\Program Files\Razer\ChromaBroadcast\bin;C:\WINDOWS\system32;C:\WINDOWS;C:\WINDOWS\System32\Wbem;C:\WINDOWS\System32\WindowsPowerShell\v1.0\;C:\WINDOWS\System32\OpenSSH\;C:\Program Files\Git\cmd;C:\WINDOWS\system32\config\systemprofile\AppData\Local\Microsoft\WindowsApps;C:\Users\Lenovo\AppData\Local\Programs\Python\Python311\Scripts\;C:\Users\Lenovo\AppData\Local\Programs\Python\Python311\;C:\Users\Lenovo\AppData\Local\Microsoft\WindowsApps;C:\Users\Lenovo\AppData\Local\Programs\Microsoft VS Code\bin;C:\Users\Lenovo\AppData\Roaming\npm;C:\Program Files\nodejs\;C:\Users\Lenovo\AppData\Local\Programs\Python\Python311\;C:\Users\Lenovo\AppData\Local\Microsoft\WindowsApps;C:\Users\Lenovo\AppData\Local\Programs\Microsoft VS Code\bin;C:\Users\Lenovo\AppData\Local\GitHubDesktop\bin;C:\Users\Lenovo\AppData\Roaming\npm
USERNAME=Lenovo
LANG=en_US.UTF-8
OS=Windows_NT
PROCESSOR_IDENTIFIER=AMD64 Family 23 Model 24 Stepping 1, AuthenticAMD
TMP=C:\Users\Lenovo\AppData\Local\Temp
TEMP=C:\Users\Lenovo\AppData\Local\Temp



Periodic native trim disabled


---------------  S Y S T E M  ---------------

OS:
 Windows 11 , 64 bit Build 22621 (10.0.22621.3374)
OS uptime: 0 days 7:03 hours

CPU: total 8 (initial active 8) (8 cores per cpu, 2 threads per core) family 23 model 24 stepping 1 microcode 0x0, cx8, cmov, fxsr, ht, mmx, 3dnowpref, sse, sse2, sse3, ssse3, sse4a, sse4.1, sse4.2, popcnt, lzcnt, tsc, tscinvbit, avx, avx2, aes, clmul, bmi1, bmi2, adx, sha, fma, vzeroupper, clflush, clflushopt
Processor Information for all 8 processors :
  Max Mhz: 2100, Current Mhz: 2100, Mhz Limit: 2100

Memory: 4k page, system-wide physical 10116M (2097M free)
TotalPageFile size 12804M (AvailPageFile size 3M)
current process WorkingSet (physical memory assigned to process): 93M, peak: 93M
current process commit charge ("private bytes"): 267M, peak: 267M

vm_info: OpenJDK 64-Bit Server VM (17.0.10+7) for windows-amd64 JRE (17.0.10+7), built on Jan 16 2024 23:25:11 by "admin" with MS VC++ 16.10 / 16.11 (VS2019)

END.
