#
# There is insufficient memory for the Java Runtime Environment to continue.
# Native memory allocation (mmap) failed to map 65536 bytes for Failed to commit metaspace.
# Possible reasons:
#   The system is out of physical RAM or swap space
#   The process is running with CompressedOops enabled, and the Java Heap may be blocking the growth of the native heap
# Possible solutions:
#   Reduce memory load on the system
#   Increase physical memory or swap space
#   Check if swap backing store is full
#   Decrease Java heap size (-Xmx/-Xms)
#   Decrease number of Java threads
#   Decrease Java thread stack sizes (-Xss)
#   Set larger code cache with -XX:ReservedCodeCacheSize=
#   JVM is running with Zero Based Compressed Oops mode in which the Java heap is
#     placed in the first 32GB address space. The Java Heap base address is the
#     maximum limit for the native heap growth. Please use -XX:HeapBaseMinAddress
#     to set the Java Heap base and to place the Java Heap above 32GB virtual address.
# This output file may be truncated or incomplete.
#
#  Out of Memory Error (virtualSpaceNode.cpp:110), pid=1092, tid=21980
#
# JRE version: OpenJDK Runtime Environment Temurin-17.0.10+7 (17.0.10+7) (build 17.0.10+7)
# Java VM: OpenJDK 64-Bit Server VM Temurin-17.0.10+7 (17.0.10+7, mixed mode, tiered, compressed oops, compressed class ptrs, g1 gc, windows-amd64)
# No core dump will be written. Minidumps are not enabled by default on client versions of Windows
#

---------------  S U M M A R Y ------------

Command Line: -XX:+ShowCodeDetailsInExceptionMessages -Dspring.jmx.enabled=true -Dmanagement.endpoints.jmx.exposure.include=* -Dspring.application.admin.enabled=true -Dspring.boot.project.name=bancandes -Djava.rmi.server.hostname=localhost com.bancandes.BancandesApplication

Host: AMD Ryzen 5 3500U with Radeon Vega Mobile Gfx  , 8 cores, 9G,  Windows 11 , 64 bit Build 22621 (10.0.22621.3374)
Time: Sun Apr 28 01:14:53 2024 Hora est. Pacífico, Sudamérica elapsed time: 1.726156 seconds (0d 0h 0m 1s)

---------------  T H R E A D  ---------------

Current thread (0x000002aa7f10c3a0):  JavaThread "restartedMain" [_thread_in_vm, id=21980, stack(0x000000d339000000,0x000000d339100000)]

Stack: [0x000000d339000000,0x000000d339100000]
Native frames: (J=compiled Java code, j=interpreted, Vv=VM code, C=native code)
V  [jvm.dll+0x67d2c9]
V  [jvm.dll+0x834afa]
V  [jvm.dll+0x8365be]
V  [jvm.dll+0x836c23]
V  [jvm.dll+0x2477ff]
V  [jvm.dll+0x8307bb]
V  [jvm.dll+0x621d16]
V  [jvm.dll+0x1c183e]
V  [jvm.dll+0x624671]
V  [jvm.dll+0x6226b6]
V  [jvm.dll+0x24516c]
V  [jvm.dll+0x6d413d]
V  [jvm.dll+0x6d4b7f]
V  [jvm.dll+0x373644]
V  [jvm.dll+0x3726c4]
V  [jvm.dll+0x372668]
V  [jvm.dll+0x38264a]
C  0x000002aa0754b6ee

The last pc belongs to new (printed below).
Java frames: (J=compiled Java code, j=interpreted, Vv=VM code)
j  org.springframework.boot.context.properties.bind.ValueObjectBinder$DefaultValueObject.parseConstructorParameters(Ljava/lang/reflect/Constructor;Lorg/springframework/core/ResolvableType;[Ljava/lang/String;)Ljava/util/List;+61
j  org.springframework.boot.context.properties.bind.ValueObjectBinder$DefaultValueObject.get(Ljava/lang/reflect/Constructor;Lorg/springframework/core/ResolvableType;Lorg/springframework/core/ParameterNameDiscoverer;)Lorg/springframework/boot/context/properties/bind/ValueObjectBinder$ValueObject;+17
j  org.springframework.boot.context.properties.bind.ValueObjectBinder$ValueObject.get(Lorg/springframework/boot/context/properties/bind/Bindable;Lorg/springframework/boot/context/properties/bind/BindConstructorProvider;Lorg/springframework/boot/context/properties/bind/Binder$Context;Lorg/springframework/core/ParameterNameDiscoverer;)Lorg/springframework/boot/context/properties/bind/ValueObjectBinder$ValueObject;+81
j  org.springframework.boot.context.properties.bind.ValueObjectBinder.bind(Lorg/springframework/boot/context/properties/source/ConfigurationPropertyName;Lorg/springframework/boot/context/properties/bind/Bindable;Lorg/springframework/boot/context/properties/bind/Binder$Context;Lorg/springframework/boot/context/properties/bind/DataObjectPropertyBinder;)Ljava/lang/Object;+9
j  org.springframework.boot.context.properties.bind.Binder.lambda$bindDataObject$6(Lorg/springframework/boot/context/properties/source/ConfigurationPropertyName;Lorg/springframework/boot/context/properties/bind/Bindable;Lorg/springframework/boot/context/properties/bind/Binder$Context;Lorg/springframework/boot/context/properties/bind/DataObjectPropertyBinder;Lorg/springframework/boot/context/properties/bind/DataObjectBinder;)Ljava/lang/Object;+6
j  org.springframework.boot.context.properties.bind.Binder$$Lambda$122+0x000000080019a5f8.apply(Ljava/lang/Object;)Ljava/lang/Object;+20
J 926 c1 java.util.stream.ReferencePipeline$3$1.accept(Ljava/lang/Object;)V java.base@17.0.10 (23 bytes) @ 0x000002aa001a0d5c [0x000002aa001a0c40+0x000000000000011c]
j  java.util.AbstractList$RandomAccessSpliterator.tryAdvance(Ljava/util/function/Consumer;)Z+43 java.base@17.0.10
j  java.util.stream.ReferencePipeline.forEachWithCancel(Ljava/util/Spliterator;Ljava/util/stream/Sink;)Z+13 java.base@17.0.10
j  java.util.stream.AbstractPipeline.copyIntoWithCancel(Ljava/util/stream/Sink;Ljava/util/Spliterator;)Z+32 java.base@17.0.10
j  java.util.stream.AbstractPipeline.copyInto(Ljava/util/stream/Sink;Ljava/util/Spliterator;)V+49 java.base@17.0.10
j  java.util.stream.AbstractPipeline.wrapAndCopyInto(Ljava/util/stream/Sink;Ljava/util/Spliterator;)Ljava/util/stream/Sink;+13 java.base@17.0.10
j  java.util.stream.FindOps$FindOp.evaluateSequential(Ljava/util/stream/PipelineHelper;Ljava/util/Spliterator;)Ljava/lang/Object;+14 java.base@17.0.10
j  java.util.stream.AbstractPipeline.evaluate(Ljava/util/stream/TerminalOp;)Ljava/lang/Object;+88 java.base@17.0.10
j  java.util.stream.ReferencePipeline.findFirst()Ljava/util/Optional;+5 java.base@17.0.10
j  org.springframework.boot.context.properties.bind.Binder.fromDataObjectBinders(Lorg/springframework/boot/context/properties/bind/BindMethod;Ljava/util/function/Function;)Ljava/lang/Object;+34
j  org.springframework.boot.context.properties.bind.Binder.lambda$bindDataObject$7(Lorg/springframework/boot/context/properties/bind/BindMethod;Lorg/springframework/boot/context/properties/source/ConfigurationPropertyName;Lorg/springframework/boot/context/properties/bind/Bindable;Lorg/springframework/boot/context/properties/bind/Binder$Context;Lorg/springframework/boot/context/properties/bind/DataObjectPropertyBinder;)Ljava/lang/Object;+13
j  org.springframework.boot.context.properties.bind.Binder$$Lambda$121+0x000000080019a3d8.get()Ljava/lang/Object;+24
j  org.springframework.boot.context.properties.bind.Binder$Context.withIncreasedDepth(Ljava/util/function/Supplier;)Ljava/lang/Object;+5
j  org.springframework.boot.context.properties.bind.Binder$Context.withDataObject(Ljava/lang/Class;Ljava/util/function/Supplier;)Ljava/lang/Object;+12
j  org.springframework.boot.context.properties.bind.Binder.bindDataObject(Lorg/springframework/boot/context/properties/source/ConfigurationPropertyName;Lorg/springframework/boot/context/properties/bind/Bindable;Lorg/springframework/boot/context/properties/bind/BindHandler;Lorg/springframework/boot/context/properties/bind/Binder$Context;Z)Ljava/lang/Object;+77
j  org.springframework.boot.context.properties.bind.Binder.bindObject(Lorg/springframework/boot/context/properties/source/ConfigurationPropertyName;Lorg/springframework/boot/context/properties/bind/Bindable;Lorg/springframework/boot/context/properties/bind/BindHandler;Lorg/springframework/boot/context/properties/bind/Binder$Context;Z)Ljava/lang/Object;+113
j  org.springframework.boot.context.properties.bind.Binder.bind(Lorg/springframework/boot/context/properties/source/ConfigurationPropertyName;Lorg/springframework/boot/context/properties/bind/Bindable;Lorg/springframework/boot/context/properties/bind/BindHandler;Lorg/springframework/boot/context/properties/bind/Binder$Context;ZZ)Ljava/lang/Object;+41
j  org.springframework.boot.context.properties.bind.Binder.bind(Lorg/springframework/boot/context/properties/source/ConfigurationPropertyName;Lorg/springframework/boot/context/properties/bind/Bindable;Lorg/springframework/boot/context/properties/bind/BindHandler;Z)Ljava/lang/Object;+44
j  org.springframework.boot.context.properties.bind.Binder.bind(Lorg/springframework/boot/context/properties/source/ConfigurationPropertyName;Lorg/springframework/boot/context/properties/bind/Bindable;Lorg/springframework/boot/context/properties/bind/BindHandler;)Lorg/springframework/boot/context/properties/bind/BindResult;+5
j  org.springframework.boot.context.config.ConfigDataProperties.get(Lorg/springframework/boot/context/properties/bind/Binder;)Lorg/springframework/boot/context/config/ConfigDataProperties;+14
j  org.springframework.boot.context.config.ConfigDataEnvironmentContributor.withBoundProperties(Ljava/lang/Iterable;Lorg/springframework/boot/context/config/ConfigDataActivationContext;)Lorg/springframework/boot/context/config/ConfigDataEnvironmentContributor;+38
j  org.springframework.boot.context.config.ConfigDataEnvironmentContributors.withProcessedImports(Lorg/springframework/boot/context/config/ConfigDataImporter;Lorg/springframework/boot/context/config/ConfigDataActivationContext;)Lorg/springframework/boot/context/config/ConfigDataEnvironmentContributors;+89
j  org.springframework.boot.context.config.ConfigDataEnvironment.processInitial(Lorg/springframework/boot/context/config/ConfigDataEnvironmentContributors;Lorg/springframework/boot/context/config/ConfigDataImporter;)Lorg/springframework/boot/context/config/ConfigDataEnvironmentContributors;+15
j  org.springframework.boot.context.config.ConfigDataEnvironment.processAndApply()V+42
j  org.springframework.boot.context.config.ConfigDataEnvironmentPostProcessor.postProcessEnvironment(Lorg/springframework/core/env/ConfigurableEnvironment;Lorg/springframework/core/io/ResourceLoader;Ljava/util/Collection;)V+34
j  org.springframework.boot.context.config.ConfigDataEnvironmentPostProcessor.postProcessEnvironment(Lorg/springframework/core/env/ConfigurableEnvironment;Lorg/springframework/boot/SpringApplication;)V+10
j  org.springframework.boot.env.EnvironmentPostProcessorApplicationListener.onApplicationEnvironmentPreparedEvent(Lorg/springframework/boot/context/event/ApplicationEnvironmentPreparedEvent;)V+55
j  org.springframework.boot.env.EnvironmentPostProcessorApplicationListener.onApplicationEvent(Lorg/springframework/context/ApplicationEvent;)V+14
j  org.springframework.context.event.SimpleApplicationEventMulticaster.doInvokeListener(Lorg/springframework/context/ApplicationListener;Lorg/springframework/context/ApplicationEvent;)V+2
j  org.springframework.context.event.SimpleApplicationEventMulticaster.invokeListener(Lorg/springframework/context/ApplicationListener;Lorg/springframework/context/ApplicationEvent;)V+34
j  org.springframework.context.event.SimpleApplicationEventMulticaster.multicastEvent(Lorg/springframework/context/ApplicationEvent;Lorg/springframework/core/ResolvableType;)V+104
j  org.springframework.context.event.SimpleApplicationEventMulticaster.multicastEvent(Lorg/springframework/context/ApplicationEvent;)V+3
j  org.springframework.boot.context.event.EventPublishingRunListener.multicastInitialEvent(Lorg/springframework/context/ApplicationEvent;)V+9
j  org.springframework.boot.context.event.EventPublishingRunListener.environmentPrepared(Lorg/springframework/boot/ConfigurableBootstrapContext;Lorg/springframework/core/env/ConfigurableEnvironment;)V+18
j  org.springframework.boot.SpringApplicationRunListeners.lambda$environmentPrepared$2(Lorg/springframework/boot/ConfigurableBootstrapContext;Lorg/springframework/core/env/ConfigurableEnvironment;Lorg/springframework/boot/SpringApplicationRunListener;)V+3
j  org.springframework.boot.SpringApplicationRunListeners$$Lambda$103+0x00000008001888d0.accept(Ljava/lang/Object;)V+12
j  java.lang.Iterable.forEach(Ljava/util/function/Consumer;)V+30 java.base@17.0.10
j  org.springframework.boot.SpringApplicationRunListeners.doWithListeners(Ljava/lang/String;Ljava/util/function/Consumer;Ljava/util/function/Consumer;)V+17
j  org.springframework.boot.SpringApplicationRunListeners.doWithListeners(Ljava/lang/String;Ljava/util/function/Consumer;)V+4
j  org.springframework.boot.SpringApplicationRunListeners.environmentPrepared(Lorg/springframework/boot/ConfigurableBootstrapContext;Lorg/springframework/core/env/ConfigurableEnvironment;)V+10
j  org.springframework.boot.SpringApplication.prepareEnvironment(Lorg/springframework/boot/SpringApplicationRunListeners;Lorg/springframework/boot/DefaultBootstrapContext;Lorg/springframework/boot/ApplicationArguments;)Lorg/springframework/core/env/ConfigurableEnvironment;+27
j  org.springframework.boot.SpringApplication.run([Ljava/lang/String;)Lorg/springframework/context/ConfigurableApplicationContext;+62
j  org.springframework.boot.SpringApplication.run([Ljava/lang/Class;[Ljava/lang/String;)Lorg/springframework/context/ConfigurableApplicationContext;+9
j  org.springframework.boot.SpringApplication.run(Ljava/lang/Class;[Ljava/lang/String;)Lorg/springframework/context/ConfigurableApplicationContext;+9
j  com.bancandes.BancandesApplication.main([Ljava/lang/String;)V+3
v  ~StubRoutines::call_stub
j  jdk.internal.reflect.NativeMethodAccessorImpl.invoke0(Ljava/lang/reflect/Method;Ljava/lang/Object;[Ljava/lang/Object;)Ljava/lang/Object;+0 java.base@17.0.10
j  jdk.internal.reflect.NativeMethodAccessorImpl.invoke(Ljava/lang/Object;[Ljava/lang/Object;)Ljava/lang/Object;+133 java.base@17.0.10
j  jdk.internal.reflect.DelegatingMethodAccessorImpl.invoke(Ljava/lang/Object;[Ljava/lang/Object;)Ljava/lang/Object;+6 java.base@17.0.10
j  java.lang.reflect.Method.invoke(Ljava/lang/Object;[Ljava/lang/Object;)Ljava/lang/Object;+59 java.base@17.0.10
j  org.springframework.boot.devtools.restart.RestartLauncher.run()V+47
v  ~StubRoutines::call_stub
new  187 new  [0x000002aa0754b560, 0x000002aa0754b780]  544 bytes
[MachCode]
  0x000002aa0754b560: 4883 ec08 | c5fa 1104 | 24eb 1f48 | 83ec 10c5 | fb11 0424 | eb14 4883 | ec10 4889 | 0424 48c7 
  0x000002aa0754b580: 4424 0800 | 0000 00eb | 0150 410f | b755 010f | cac1 ea10 | 488b 4de8 | 488b 4908 | 488b 4908 
  0x000002aa0754b5a0: 488b 4108 | 807c 1004 | 070f 85df | 0000 0066 | 8b54 d148 | 488b 4928 | 488b 4cd1 | 0851 80b9 
  0x000002aa0754b5c0: 3301 0000 | 040f 85c2 | 0000 008b | 5108 f7c2 | 0100 0000 | 0f85 b300 | 0000 498b | 8708 0100 
  0x000002aa0754b5e0: 0048 8d1c | 1049 3b9f | 1801 0000 | 0f87 9b00 | 0000 4989 | 9f08 0100 | 00e9 0000 | 0000 4883 
  0x000002aa0754b600: ea10 0f84 | 0f00 0000 | 33c9 c1ea | 0348 894c | d008 48ff | ca75 f648 | c700 0100 | 0000 5933 
  0x000002aa0754b620: f689 700c | 49ba 0000 | 0000 0800 | 0000 492b | ca89 4808 | 49ba 7a35 | 243a fb7f | 0000 4180 
  0x000002aa0754b640: 3a00 0f84 | 4000 0000 | 5048 8bc8 | 4883 ec20 | f7c4 0f00 | 0000 0f84 | 1a00 0000 | 4883 ec08 
  0x000002aa0754b660: 49ba 2030 | da39 fb7f | 0000 41ff | d248 83c4 | 08e9 0d00 | 0000 49ba | 2030 da39 | fb7f 0000 
  0x000002aa0754b680: 41ff d248 | 83c4 2058 | e9cd 0000 | 0059 488b | 55e8 488b | 5208 488b | 5208 450f | b745 0141 
  0x000002aa0754b6a0: 0fc8 41c1 | e810 e805 | 0000 00e9 | aa00 0000 | 488d 4424 | 084c 896d | c049 8bcf | c5f8 7749 
  0x000002aa0754b6c0: 89af a802 | 0000 4989 | 8798 0200 | 0048 83ec | 20f7 c40f | 0000 000f | 841a 0000 | 0048 83ec 
  0x000002aa0754b6e0: 0849 bac0 | 25a4 39fb | 7f00 0041 | ffd2 4883 | c408 e90d | 0000 0049 | bac0 25a4 | 39fb 7f00 
  0x000002aa0754b700: 0041 ffd2 | 4883 c420 | 49c7 8798 | 0200 0000 | 0000 0049 | c787 a802 | 0000 0000 | 0000 49c7 
  0x000002aa0754b720: 87a0 0200 | 0000 0000 | 00c5 f877 | 4981 7f08 | 0000 0000 | 0f84 0500 | 0000 e9c1 | 57fe ff49 
  0x000002aa0754b740: 8b87 f002 | 0000 49c7 | 87f0 0200 | 0000 0000 | 004c 8b6d | c04c 8b75 | c8c3 410f | b65d 0349 
  0x000002aa0754b760: 83c5 0349 | ba90 a126 | 3afb 7f00 | 0041 ff24 | da0f 1f80 | 0000 0000 | 0000 0000 | 0000 0000 
[/MachCode]

Compiled method (c1)    1768  926       3       java.util.stream.ReferencePipeline$3$1::accept (23 bytes)
 total in heap  [0x000002aa001a0a90,0x000002aa001a0fd8] = 1352
 relocation     [0x000002aa001a0be8,0x000002aa001a0c38] = 80
 main code      [0x000002aa001a0c40,0x000002aa001a0ea0] = 608
 stub code      [0x000002aa001a0ea0,0x000002aa001a0ef8] = 88
 metadata       [0x000002aa001a0ef8,0x000002aa001a0f00] = 8
 scopes data    [0x000002aa001a0f00,0x000002aa001a0f30] = 48
 scopes pcs     [0x000002aa001a0f30,0x000002aa001a0fb0] = 128
 dependencies   [0x000002aa001a0fb0,0x000002aa001a0fb8] = 8
 nul chk table  [0x000002aa001a0fb8,0x000002aa001a0fd8] = 32

[Constant Pool (empty)]

[MachCode]
[Entry Point]
  # {method} {0x000002aa0f7be820} 'accept' '(Ljava/lang/Object;)V' in 'java/util/stream/ReferencePipeline$3$1'
  # this:     rdx:rdx   = 'java/util/stream/ReferencePipeline$3$1'
  # parm0:    r8:r8     = 'java/lang/Object'
  #           [sp+0x40]  (sp of caller)
  0x000002aa001a0c40: 448b 5208 | 49bb 0000 | 0000 0800 | 0000 4d03 | d34c 3bd0 

  0x000002aa001a0c54: ;   {runtime_call ic_miss_stub}
  0x000002aa001a0c54: 0f85 2604 | 3e07 660f | 1f44 0000 
[Verified Entry Point]
  0x000002aa001a0c60: 8984 2400 | 90ff ff55 | 4883 ec30 

  0x000002aa001a0c6c: ;   {metadata(method data for {method} {0x000002aa0f7be820} 'accept' '(Ljava/lang/Object;)V' in 'java/util/stream/ReferencePipeline$3$1')}
  0x000002aa001a0c6c: 48be 686e | 9c0f aa02 | 0000 8bbe | cc00 0000 | 83c7 0289 | becc 0000 | 0081 e7fe | 0700 0083 
  0x000002aa001a0c8c: ff00 0f84 | 9301 0000 | 8b72 0c48 | c1e6 038b | 5210 48c1 | e203 8b52 | 3448 c1e2 | 0348 3b02 
  0x000002aa001a0cac: ;   {metadata(method data for {method} {0x000002aa0f7be820} 'accept' '(Ljava/lang/Object;)V' in 'java/util/stream/ReferencePipeline$3$1')}
  0x000002aa001a0cac: 488b fa48 | bb68 6e9c | 0faa 0200 | 008b 7f08 | 49ba 0000 | 0000 0800 | 0000 4903 | fa48 3bbb 
  0x000002aa001a0ccc: 2001 0000 | 750d 4883 | 8328 0100 | 0001 e966 | 0000 0048 | 3bbb 3001 | 0000 750d | 4883 8338 
  0x000002aa001a0cec: 0100 0001 | e950 0000 | 0048 81bb | 2001 0000 | 0000 0000 | 7517 4889 | bb20 0100 | 0048 c783 
  0x000002aa001a0d0c: 2801 0000 | 0100 0000 | e92c 0000 | 0048 81bb | 3001 0000 | 0000 0000 | 7517 4889 | bb30 0100 
  0x000002aa001a0d2c: 0048 c783 | 3801 0000 | 0100 0000 | e908 0000 | 0048 8383 | 1001 0000 | 0148 8974 | 2420 6666 
  0x000002aa001a0d4c: 9048 b8c0 | a804 7faa 

  0x000002aa001a0d54: ;   {virtual_call}
  0x000002aa001a0d54: 0200 00e8 

  0x000002aa001a0d58: ; ImmutableOopMap {[32]=Oop }
                      ;*invokeinterface apply {reexecute=0 rethrow=0 return_oop=0}
                      ; - java.util.stream.ReferencePipeline$3$1::accept@12
  0x000002aa001a0d58: 44d0 3d07 | 488b 7424 | 2048 3b06 

  0x000002aa001a0d64: ;   {metadata(method data for {method} {0x000002aa0f7be820} 'accept' '(Ljava/lang/Object;)V' in 'java/util/stream/ReferencePipeline$3$1')}
  0x000002aa001a0d64: 4c8b c648 | ba68 6e9c | 0faa 0200 | 0045 8b40 | 0849 ba00 | 0000 0008 | 0000 004d | 03c2 4c3b 
  0x000002aa001a0d84: 8258 0100 | 0075 0d48 | 8382 6001 | 0000 01e9 | 6600 0000 | 4c3b 8268 | 0100 0075 | 0d48 8382 
  0x000002aa001a0da4: 7001 0000 | 01e9 5000 | 0000 4881 | ba58 0100 | 0000 0000 | 0075 174c | 8982 5801 | 0000 48c7 
  0x000002aa001a0dc4: 8260 0100 | 0001 0000 | 00e9 2c00 | 0000 4881 | ba68 0100 | 0000 0000 | 0075 174c | 8982 6801 
  0x000002aa001a0de4: 0000 48c7 | 8270 0100 | 0001 0000 | 00e9 0800 | 0000 4883 | 8248 0100 | 0001 4c8b | c048 8bd6 
  0x000002aa001a0e04: 9048 b8f0 | a804 7faa 

  0x000002aa001a0e0c: ;   {virtual_call}
  0x000002aa001a0e0c: 0200 00e8 

  0x000002aa001a0e10: ; ImmutableOopMap {}
                      ;*invokeinterface accept {reexecute=0 rethrow=0 return_oop=0}
                      ; - java.util.stream.ReferencePipeline$3$1::accept@17
  0x000002aa001a0e10: cccf 3d07 | 4883 c430 

  0x000002aa001a0e18: ;   {poll_return}
  0x000002aa001a0e18: 5d49 3ba7 | 5003 0000 | 0f87 3100 

  0x000002aa001a0e24: ;   {metadata({method} {0x000002aa0f7be820} 'accept' '(Ljava/lang/Object;)V' in 'java/util/stream/ReferencePipeline$3$1')}
  0x000002aa001a0e24: 0000 c349 | ba18 e87b | 0faa 0200 | 004c 8954 | 2408 48c7 | 0424 ffff 

  0x000002aa001a0e3c: ;   {runtime_call counter_overflow Runtime1 stub}
  0x000002aa001a0e3c: ffff e83d 

  0x000002aa001a0e40: ; ImmutableOopMap {rdx=Oop r8=Oop }
                      ;*synchronization entry
                      ; - java.util.stream.ReferencePipeline$3$1::accept@-1
  0x000002aa001a0e40: 8f48 07e9 | 4cfe ffff 

  0x000002aa001a0e48: ;   {runtime_call throw_null_pointer_exception Runtime1 stub}
  0x000002aa001a0e48: e853 3e48 

  0x000002aa001a0e4c: ; ImmutableOopMap {r8=Oop rsi=Oop }
                      ;*getfield val$mapper {reexecute=1 rethrow=0 return_oop=0}
                      ; - (reexecute) java.util.stream.ReferencePipeline$3$1::accept@8
                      ;   {runtime_call throw_null_pointer_exception Runtime1 stub}
  0x000002aa001a0e4c: 07e8 4e3e 

  0x000002aa001a0e50: ; ImmutableOopMap {r8=Oop rsi=Oop rdx=Oop }
                      ;*invokeinterface apply {reexecute=0 rethrow=0 return_oop=0}
                      ; - java.util.stream.ReferencePipeline$3$1::accept@12
                      ;   {runtime_call throw_null_pointer_exception Runtime1 stub}
  0x000002aa001a0e50: 4807 e849 

  0x000002aa001a0e54: ; ImmutableOopMap {rax=Oop rsi=Oop }
                      ;*invokeinterface accept {reexecute=0 rethrow=0 return_oop=0}
                      ; - java.util.stream.ReferencePipeline$3$1::accept@17
                      ;   {internal_word}
  0x000002aa001a0e54: 3e48 0749 | ba19 0e1a | 00aa 0200 | 004d 8997 | 6803 0000 

  0x000002aa001a0e68: ;   {runtime_call SafepointBlob}
  0x000002aa001a0e68: e993 6b3e | 0790 9049 | 8b87 e003 | 0000 49c7 | 87e0 0300 | 0000 0000 | 0049 c787 | e803 0000 
  0x000002aa001a0e88: 0000 0000 | 4883 c430 

  0x000002aa001a0e90: ;   {runtime_call unwind_exception Runtime1 stub}
  0x000002aa001a0e90: 5de9 6a5e | 3f07 f4f4 | f4f4 f4f4 | f4f4 f4f4 
[Stub Code]
  0x000002aa001a0ea0: ;   {no_reloc}
  0x000002aa001a0ea0: 0f1f 4400 

  0x000002aa001a0ea4: ;   {static_stub}
  0x000002aa001a0ea4: 0048 bb00 | 0000 0000 

  0x000002aa001a0eac: ;   {runtime_call}
  0x000002aa001a0eac: 0000 00e9 | fbff ffff 

  0x000002aa001a0eb4: ;   {static_stub}
  0x000002aa001a0eb4: 9048 bb00 | 0000 0000 

  0x000002aa001a0ebc: ;   {runtime_call}
  0x000002aa001a0ebc: 0000 00e9 | fbff ffff 
[Exception Handler]
  0x000002aa001a0ec4: ;   {runtime_call handle_exception_from_callee Runtime1 stub}
  0x000002aa001a0ec4: e8b7 5b48 

  0x000002aa001a0ec8: ;   {external_word}
  0x000002aa001a0ec8: 0748 b940 | 9afe 39fb | 7f00 0048 

  0x000002aa001a0ed4: ;   {runtime_call}
  0x000002aa001a0ed4: 83e4 f049 | ba60 2dc7 | 39fb 7f00 | 0041 ffd2 

  0x000002aa001a0ee4: ;   {section_word}
  0x000002aa001a0ee4: f449 bae5 | 0e1a 00aa | 0200 0041 

  0x000002aa001a0ef0: ;   {runtime_call DeoptimizationBlob}
  0x000002aa001a0ef0: 52e9 aa5d | 3e07 f4f4 
[/MachCode]


---------------  P R O C E S S  ---------------

Threads class SMR info:
_java_thread_list=0x000002aa7f04af80, length=15, elements={
0x000002aa706ce7d0, 0x000002aa7e131270, 0x000002aa7e1327a0, 0x000002aa7e13e900,
0x000002aa7e188500, 0x000002aa7e189770, 0x000002aa7e18fcf0, 0x000002aa7e191090,
0x000002aa7e192140, 0x000002aa7e19d9d0, 0x000002aa7e2f69c0, 0x000002aa7e2f5d10,
0x000002aa7e53e890, 0x000002aa7f10bec0, 0x000002aa7f10c3a0
}

Java Threads: ( => current thread )
  0x000002aa706ce7d0 JavaThread "main" [_thread_blocked, id=23172, stack(0x000000d337b00000,0x000000d337c00000)]
  0x000002aa7e131270 JavaThread "Reference Handler" daemon [_thread_blocked, id=22608, stack(0x000000d338200000,0x000000d338300000)]
  0x000002aa7e1327a0 JavaThread "Finalizer" daemon [_thread_blocked, id=22352, stack(0x000000d338300000,0x000000d338400000)]
  0x000002aa7e13e900 JavaThread "Signal Dispatcher" daemon [_thread_blocked, id=8052, stack(0x000000d338400000,0x000000d338500000)]
  0x000002aa7e188500 JavaThread "Attach Listener" daemon [_thread_blocked, id=2700, stack(0x000000d338500000,0x000000d338600000)]
  0x000002aa7e189770 JavaThread "Service Thread" daemon [_thread_blocked, id=5460, stack(0x000000d338600000,0x000000d338700000)]
  0x000002aa7e18fcf0 JavaThread "Monitor Deflation Thread" daemon [_thread_blocked, id=22752, stack(0x000000d338700000,0x000000d338800000)]
  0x000002aa7e191090 JavaThread "C2 CompilerThread0" daemon [_thread_blocked, id=5336, stack(0x000000d338800000,0x000000d338900000)]
  0x000002aa7e192140 JavaThread "C1 CompilerThread0" daemon [_thread_blocked, id=22168, stack(0x000000d338900000,0x000000d338a00000)]
  0x000002aa7e19d9d0 JavaThread "Sweeper thread" daemon [_thread_blocked, id=23292, stack(0x000000d338a00000,0x000000d338b00000)]
  0x000002aa7e2f69c0 JavaThread "Notification Thread" daemon [_thread_blocked, id=20164, stack(0x000000d338b00000,0x000000d338c00000)]
  0x000002aa7e2f5d10 JavaThread "Common-Cleaner" daemon [_thread_blocked, id=21624, stack(0x000000d338d00000,0x000000d338e00000)]
  0x000002aa7e53e890 JavaThread "C2 CompilerThread1" daemon [_thread_blocked, id=22552, stack(0x000000d338e00000,0x000000d338f00000)]
  0x000002aa7f10bec0 JavaThread "Thread-0" [_thread_blocked, id=15984, stack(0x000000d338f00000,0x000000d339000000)]
=>0x000002aa7f10c3a0 JavaThread "restartedMain" [_thread_in_vm, id=21980, stack(0x000000d339000000,0x000000d339100000)]

Other Threads:
  0x000002aa7e0db6f0 VMThread "VM Thread" [stack: 0x000000d338100000,0x000000d338200000] [id=23044]
  0x000002aa7e2f5660 WatcherThread [stack: 0x000000d338c00000,0x000000d338d00000] [id=23004]
  0x000002aa72927070 GCTaskThread "GC Thread#0" [stack: 0x000000d337c00000,0x000000d337d00000] [id=23288]
  0x000002aa7f276190 GCTaskThread "GC Thread#1" [stack: 0x000000d339100000,0x000000d339200000] [id=22792]
  0x000002aa7f276450 GCTaskThread "GC Thread#2" [stack: 0x000000d339200000,0x000000d339300000] [id=15340]
  0x000002aa7f276710 GCTaskThread "GC Thread#3" [stack: 0x000000d339300000,0x000000d339400000] [id=9844]
  0x000002aa7ed0ac40 GCTaskThread "GC Thread#4" [stack: 0x000000d339400000,0x000000d339500000] [id=22196]
  0x000002aa7ed0af00 GCTaskThread "GC Thread#5" [stack: 0x000000d339500000,0x000000d339600000] [id=14828]
  0x000002aa729325e0 ConcurrentGCThread "G1 Main Marker" [stack: 0x000000d337d00000,0x000000d337e00000] [id=5424]
  0x000002aa72933000 ConcurrentGCThread "G1 Conc#0" [stack: 0x000000d337e00000,0x000000d337f00000] [id=21456]
  0x000002aa7297dfb0 ConcurrentGCThread "G1 Refine#0" [stack: 0x000000d337f00000,0x000000d338000000] [id=23412]
  0x000002aa7297e9e0 ConcurrentGCThread "G1 Service" [stack: 0x000000d338000000,0x000000d338100000] [id=4456]

Threads with active compile tasks:

VM state: not at safepoint (normal execution)

VM Mutex/Monitor currently owned by a thread:  ([mutex/lock_event])
[0x000002aa728ceb60] Metaspace_lock - owner thread: 0x000002aa7f10c3a0

Heap address: 0x0000000761e00000, size: 2530 MB, Compressed Oops mode: Zero based, Oop shift amount: 3

CDS archive(s) not mapped
Compressed class space mapped at: 0x0000000800000000-0x0000000840000000, reserved size: 1073741824
Narrow klass base: 0x0000000800000000, Narrow klass shift: 0, Narrow klass range: 0x40000000

GC Precious Log:
 CPUs: 8 total, 8 available
 Memory: 10116M
 Large Page Support: Disabled
 NUMA Support: Disabled
 Compressed Oops: Enabled (Zero based)
 Heap Region Size: 2M
 Heap Min Capacity: 8M
 Heap Initial Capacity: 160M
 Heap Max Capacity: 2530M
 Pre-touch: Disabled
 Parallel Workers: 8
 Concurrent Workers: 2
 Concurrent Refinement Workers: 8
 Periodic GC: Disabled

Heap:
 garbage-first heap   total 163840K, used 14618K [0x0000000761e00000, 0x0000000800000000)
  region size 2048K, 7 young (14336K), 2 survivors (4096K)
 Metaspace       used 14112K, committed 14336K, reserved 1114112K
  class space    used 1578K, committed 1728K, reserved 1048576K

Heap Regions: E=young(eden), S=young(survivor), O=old, HS=humongous(starts), HC=humongous(continues), CS=collection set, F=free, OA=open archive, CA=closed archive, TAMS=top-at-mark-start (previous, next)
|   0|0x0000000761e00000, 0x0000000762000000, 0x0000000762000000|100%| O|  |TAMS 0x0000000761e00000, 0x0000000761e00000| Untracked 
|   1|0x0000000762000000, 0x0000000762046a00, 0x0000000762200000| 13%| O|  |TAMS 0x0000000762000000, 0x0000000762000000| Untracked 
|   2|0x0000000762200000, 0x0000000762200000, 0x0000000762400000|  0%| F|  |TAMS 0x0000000762200000, 0x0000000762200000| Untracked 
|   3|0x0000000762400000, 0x0000000762400000, 0x0000000762600000|  0%| F|  |TAMS 0x0000000762400000, 0x0000000762400000| Untracked 
|   4|0x0000000762600000, 0x0000000762600000, 0x0000000762800000|  0%| F|  |TAMS 0x0000000762600000, 0x0000000762600000| Untracked 
|   5|0x0000000762800000, 0x0000000762800000, 0x0000000762a00000|  0%| F|  |TAMS 0x0000000762800000, 0x0000000762800000| Untracked 
|   6|0x0000000762a00000, 0x0000000762a00000, 0x0000000762c00000|  0%| F|  |TAMS 0x0000000762a00000, 0x0000000762a00000| Untracked 
|   7|0x0000000762c00000, 0x0000000762c00000, 0x0000000762e00000|  0%| F|  |TAMS 0x0000000762c00000, 0x0000000762c00000| Untracked 
|   8|0x0000000762e00000, 0x0000000762e00000, 0x0000000763000000|  0%| F|  |TAMS 0x0000000762e00000, 0x0000000762e00000| Untracked 
|   9|0x0000000763000000, 0x0000000763000000, 0x0000000763200000|  0%| F|  |TAMS 0x0000000763000000, 0x0000000763000000| Untracked 
|  10|0x0000000763200000, 0x0000000763200000, 0x0000000763400000|  0%| F|  |TAMS 0x0000000763200000, 0x0000000763200000| Untracked 
|  11|0x0000000763400000, 0x0000000763400000, 0x0000000763600000|  0%| F|  |TAMS 0x0000000763400000, 0x0000000763400000| Untracked 
|  12|0x0000000763600000, 0x0000000763600000, 0x0000000763800000|  0%| F|  |TAMS 0x0000000763600000, 0x0000000763600000| Untracked 
|  13|0x0000000763800000, 0x0000000763800000, 0x0000000763a00000|  0%| F|  |TAMS 0x0000000763800000, 0x0000000763800000| Untracked 
|  14|0x0000000763a00000, 0x0000000763a00000, 0x0000000763c00000|  0%| F|  |TAMS 0x0000000763a00000, 0x0000000763a00000| Untracked 
|  15|0x0000000763c00000, 0x0000000763c00000, 0x0000000763e00000|  0%| F|  |TAMS 0x0000000763c00000, 0x0000000763c00000| Untracked 
|  16|0x0000000763e00000, 0x0000000763e00000, 0x0000000764000000|  0%| F|  |TAMS 0x0000000763e00000, 0x0000000763e00000| Untracked 
|  17|0x0000000764000000, 0x0000000764000000, 0x0000000764200000|  0%| F|  |TAMS 0x0000000764000000, 0x0000000764000000| Untracked 
|  18|0x0000000764200000, 0x0000000764200000, 0x0000000764400000|  0%| F|  |TAMS 0x0000000764200000, 0x0000000764200000| Untracked 
|  19|0x0000000764400000, 0x0000000764400000, 0x0000000764600000|  0%| F|  |TAMS 0x0000000764400000, 0x0000000764400000| Untracked 
|  20|0x0000000764600000, 0x0000000764600000, 0x0000000764800000|  0%| F|  |TAMS 0x0000000764600000, 0x0000000764600000| Untracked 
|  21|0x0000000764800000, 0x0000000764800000, 0x0000000764a00000|  0%| F|  |TAMS 0x0000000764800000, 0x0000000764800000| Untracked 
|  22|0x0000000764a00000, 0x0000000764a00000, 0x0000000764c00000|  0%| F|  |TAMS 0x0000000764a00000, 0x0000000764a00000| Untracked 
|  23|0x0000000764c00000, 0x0000000764c00000, 0x0000000764e00000|  0%| F|  |TAMS 0x0000000764c00000, 0x0000000764c00000| Untracked 
|  24|0x0000000764e00000, 0x0000000764e00000, 0x0000000765000000|  0%| F|  |TAMS 0x0000000764e00000, 0x0000000764e00000| Untracked 
|  25|0x0000000765000000, 0x0000000765000000, 0x0000000765200000|  0%| F|  |TAMS 0x0000000765000000, 0x0000000765000000| Untracked 
|  26|0x0000000765200000, 0x0000000765200000, 0x0000000765400000|  0%| F|  |TAMS 0x0000000765200000, 0x0000000765200000| Untracked 
|  27|0x0000000765400000, 0x0000000765400000, 0x0000000765600000|  0%| F|  |TAMS 0x0000000765400000, 0x0000000765400000| Untracked 
|  28|0x0000000765600000, 0x0000000765600000, 0x0000000765800000|  0%| F|  |TAMS 0x0000000765600000, 0x0000000765600000| Untracked 
|  29|0x0000000765800000, 0x0000000765800000, 0x0000000765a00000|  0%| F|  |TAMS 0x0000000765800000, 0x0000000765800000| Untracked 
|  30|0x0000000765a00000, 0x0000000765a00000, 0x0000000765c00000|  0%| F|  |TAMS 0x0000000765a00000, 0x0000000765a00000| Untracked 
|  31|0x0000000765c00000, 0x0000000765c00000, 0x0000000765e00000|  0%| F|  |TAMS 0x0000000765c00000, 0x0000000765c00000| Untracked 
|  32|0x0000000765e00000, 0x0000000765e00000, 0x0000000766000000|  0%| F|  |TAMS 0x0000000765e00000, 0x0000000765e00000| Untracked 
|  33|0x0000000766000000, 0x0000000766000000, 0x0000000766200000|  0%| F|  |TAMS 0x0000000766000000, 0x0000000766000000| Untracked 
|  34|0x0000000766200000, 0x0000000766200000, 0x0000000766400000|  0%| F|  |TAMS 0x0000000766200000, 0x0000000766200000| Untracked 
|  35|0x0000000766400000, 0x0000000766400000, 0x0000000766600000|  0%| F|  |TAMS 0x0000000766400000, 0x0000000766400000| Untracked 
|  36|0x0000000766600000, 0x0000000766600000, 0x0000000766800000|  0%| F|  |TAMS 0x0000000766600000, 0x0000000766600000| Untracked 
|  37|0x0000000766800000, 0x0000000766800000, 0x0000000766a00000|  0%| F|  |TAMS 0x0000000766800000, 0x0000000766800000| Untracked 
|  38|0x0000000766a00000, 0x0000000766a00000, 0x0000000766c00000|  0%| F|  |TAMS 0x0000000766a00000, 0x0000000766a00000| Untracked 
|  39|0x0000000766c00000, 0x0000000766c00000, 0x0000000766e00000|  0%| F|  |TAMS 0x0000000766c00000, 0x0000000766c00000| Untracked 
|  40|0x0000000766e00000, 0x0000000766e00000, 0x0000000767000000|  0%| F|  |TAMS 0x0000000766e00000, 0x0000000766e00000| Untracked 
|  41|0x0000000767000000, 0x0000000767000000, 0x0000000767200000|  0%| F|  |TAMS 0x0000000767000000, 0x0000000767000000| Untracked 
|  42|0x0000000767200000, 0x0000000767200000, 0x0000000767400000|  0%| F|  |TAMS 0x0000000767200000, 0x0000000767200000| Untracked 
|  43|0x0000000767400000, 0x0000000767400000, 0x0000000767600000|  0%| F|  |TAMS 0x0000000767400000, 0x0000000767400000| Untracked 
|  44|0x0000000767600000, 0x0000000767600000, 0x0000000767800000|  0%| F|  |TAMS 0x0000000767600000, 0x0000000767600000| Untracked 
|  45|0x0000000767800000, 0x0000000767800000, 0x0000000767a00000|  0%| F|  |TAMS 0x0000000767800000, 0x0000000767800000| Untracked 
|  46|0x0000000767a00000, 0x0000000767a00000, 0x0000000767c00000|  0%| F|  |TAMS 0x0000000767a00000, 0x0000000767a00000| Untracked 
|  47|0x0000000767c00000, 0x0000000767c00000, 0x0000000767e00000|  0%| F|  |TAMS 0x0000000767c00000, 0x0000000767c00000| Untracked 
|  48|0x0000000767e00000, 0x0000000767e00000, 0x0000000768000000|  0%| F|  |TAMS 0x0000000767e00000, 0x0000000767e00000| Untracked 
|  49|0x0000000768000000, 0x0000000768000000, 0x0000000768200000|  0%| F|  |TAMS 0x0000000768000000, 0x0000000768000000| Untracked 
|  50|0x0000000768200000, 0x0000000768200000, 0x0000000768400000|  0%| F|  |TAMS 0x0000000768200000, 0x0000000768200000| Untracked 
|  51|0x0000000768400000, 0x0000000768400000, 0x0000000768600000|  0%| F|  |TAMS 0x0000000768400000, 0x0000000768400000| Untracked 
|  52|0x0000000768600000, 0x0000000768600000, 0x0000000768800000|  0%| F|  |TAMS 0x0000000768600000, 0x0000000768600000| Untracked 
|  53|0x0000000768800000, 0x0000000768800000, 0x0000000768a00000|  0%| F|  |TAMS 0x0000000768800000, 0x0000000768800000| Untracked 
|  54|0x0000000768a00000, 0x0000000768a00000, 0x0000000768c00000|  0%| F|  |TAMS 0x0000000768a00000, 0x0000000768a00000| Untracked 
|  55|0x0000000768c00000, 0x0000000768c00000, 0x0000000768e00000|  0%| F|  |TAMS 0x0000000768c00000, 0x0000000768c00000| Untracked 
|  56|0x0000000768e00000, 0x0000000768e00000, 0x0000000769000000|  0%| F|  |TAMS 0x0000000768e00000, 0x0000000768e00000| Untracked 
|  57|0x0000000769000000, 0x0000000769000000, 0x0000000769200000|  0%| F|  |TAMS 0x0000000769000000, 0x0000000769000000| Untracked 
|  58|0x0000000769200000, 0x0000000769200000, 0x0000000769400000|  0%| F|  |TAMS 0x0000000769200000, 0x0000000769200000| Untracked 
|  59|0x0000000769400000, 0x0000000769400000, 0x0000000769600000|  0%| F|  |TAMS 0x0000000769400000, 0x0000000769400000| Untracked 
|  60|0x0000000769600000, 0x0000000769600000, 0x0000000769800000|  0%| F|  |TAMS 0x0000000769600000, 0x0000000769600000| Untracked 
|  61|0x0000000769800000, 0x0000000769800000, 0x0000000769a00000|  0%| F|  |TAMS 0x0000000769800000, 0x0000000769800000| Untracked 
|  62|0x0000000769a00000, 0x0000000769a00000, 0x0000000769c00000|  0%| F|  |TAMS 0x0000000769a00000, 0x0000000769a00000| Untracked 
|  63|0x0000000769c00000, 0x0000000769c00000, 0x0000000769e00000|  0%| F|  |TAMS 0x0000000769c00000, 0x0000000769c00000| Untracked 
|  64|0x0000000769e00000, 0x0000000769e00000, 0x000000076a000000|  0%| F|  |TAMS 0x0000000769e00000, 0x0000000769e00000| Untracked 
|  65|0x000000076a000000, 0x000000076a000000, 0x000000076a200000|  0%| F|  |TAMS 0x000000076a000000, 0x000000076a000000| Untracked 
|  66|0x000000076a200000, 0x000000076a200000, 0x000000076a400000|  0%| F|  |TAMS 0x000000076a200000, 0x000000076a200000| Untracked 
|  67|0x000000076a400000, 0x000000076a600000, 0x000000076a600000|100%| S|CS|TAMS 0x000000076a400000, 0x000000076a400000| Complete 
|  68|0x000000076a600000, 0x000000076a800000, 0x000000076a800000|100%| S|CS|TAMS 0x000000076a600000, 0x000000076a600000| Complete 
|  69|0x000000076a800000, 0x000000076a800000, 0x000000076aa00000|  0%| F|  |TAMS 0x000000076a800000, 0x000000076a800000| Untracked 
|  70|0x000000076aa00000, 0x000000076aa00000, 0x000000076ac00000|  0%| F|  |TAMS 0x000000076aa00000, 0x000000076aa00000| Untracked 
|  71|0x000000076ac00000, 0x000000076ac00000, 0x000000076ae00000|  0%| F|  |TAMS 0x000000076ac00000, 0x000000076ac00000| Untracked 
|  72|0x000000076ae00000, 0x000000076ae00000, 0x000000076b000000|  0%| F|  |TAMS 0x000000076ae00000, 0x000000076ae00000| Untracked 
|  73|0x000000076b000000, 0x000000076b000000, 0x000000076b200000|  0%| F|  |TAMS 0x000000076b000000, 0x000000076b000000| Untracked 
|  74|0x000000076b200000, 0x000000076b200000, 0x000000076b400000|  0%| F|  |TAMS 0x000000076b200000, 0x000000076b200000| Untracked 
|  75|0x000000076b400000, 0x000000076b600000, 0x000000076b600000|100%| E|  |TAMS 0x000000076b400000, 0x000000076b400000| Complete 
|  76|0x000000076b600000, 0x000000076b800000, 0x000000076b800000|100%| E|CS|TAMS 0x000000076b600000, 0x000000076b600000| Complete 
|  77|0x000000076b800000, 0x000000076ba00000, 0x000000076ba00000|100%| E|CS|TAMS 0x000000076b800000, 0x000000076b800000| Complete 
|  78|0x000000076ba00000, 0x000000076bc00000, 0x000000076bc00000|100%| E|CS|TAMS 0x000000076ba00000, 0x000000076ba00000| Complete 
|  79|0x000000076bc00000, 0x000000076be00000, 0x000000076be00000|100%| E|CS|TAMS 0x000000076bc00000, 0x000000076bc00000| Complete 

Card table byte_map: [0x000002aa75d90000,0x000002aa76290000] _byte_map_base: 0x000002aa72281000

Marking Bits (Prev, Next): (CMBitMap*) 0x000002aa72927690, (CMBitMap*) 0x000002aa729276d0
 Prev Bits: [0x000002aa76790000, 0x000002aa78f18000)
 Next Bits: [0x000002aa78f20000, 0x000002aa7b6a8000)

Polling page: 0x000002aa70840000

Metaspace:

Usage:
  Non-class:     12.24 MB used.
      Class:      1.54 MB used.
       Both:     13.78 MB used.

Virtual space:
  Non-class space:       64.00 MB reserved,      12.31 MB ( 19%) committed,  1 nodes.
      Class space:        1.00 GB reserved,       1.69 MB ( <1%) committed,  1 nodes.
             Both:        1.06 GB reserved,      14.00 MB (  1%) committed. 

Chunk freelists:
   Non-Class:  3.61 MB
       Class:  14.30 MB
        Both:  17.91 MB

MaxMetaspaceSize: unlimited
CompressedClassSpaceSize: 1.00 GB
Initial GC threshold: 21.00 MB
Current GC threshold: 21.00 MB
CDS: off
MetaspaceReclaimPolicy: balanced
 - commit_granule_bytes: 65536.
 - commit_granule_words: 8192.
 - virtual_space_node_default_size: 8388608.
 - enlarge_chunks_in_place: 1.
 - new_chunks_are_fully_committed: 0.
 - uncommit_free_chunks: 1.
 - use_allocation_guard: 0.
 - handle_deallocations: 1.


Internal statistics:

num_allocs_failed_limit: 0.
num_arena_births: 146.
num_arena_deaths: 0.
num_vsnodes_births: 2.
num_vsnodes_deaths: 0.
num_space_committed: 224.
num_space_uncommitted: 0.
num_chunks_returned_to_freelist: 0.
num_chunks_taken_from_freelist: 373.
num_chunk_merges: 0.
num_chunk_splits: 228.
num_chunks_enlarged: 158.
num_inconsistent_stats: 0.

CodeHeap 'non-profiled nmethods': size=120000Kb used=493Kb max_used=493Kb free=119506Kb
 bounds [0x000002aa07ad0000, 0x000002aa07d40000, 0x000002aa0f000000]
CodeHeap 'profiled nmethods': size=120000Kb used=2404Kb max_used=2404Kb free=117595Kb
 bounds [0x000002aa00000000, 0x000002aa00270000, 0x000002aa07530000]
CodeHeap 'non-nmethods': size=5760Kb used=1148Kb max_used=1166Kb free=4612Kb
 bounds [0x000002aa07530000, 0x000002aa077a0000, 0x000002aa07ad0000]
 total_blobs=1744 nmethods=1308 adapters=349
 compilation: enabled
              stopped_count=0, restarted_count=0
 full_count=0

Compilation events (20 events):
Event: 1.703 Thread 0x000002aa7e192140 1299       3       org.springframework.boot.context.properties.source.ConfigurationPropertyName::<init> (21 bytes)
Event: 1.703 Thread 0x000002aa7e192140 nmethod 1299 0x000002aa00252e10 code [0x000002aa00252fc0, 0x000002aa002532b8]
Event: 1.704 Thread 0x000002aa7e192140 1300       3       java.util.HashMap::containsKey (14 bytes)
Event: 1.704 Thread 0x000002aa7e192140 nmethod 1300 0x000002aa00253390 code [0x000002aa00253540, 0x000002aa002536e8]
Event: 1.704 Thread 0x000002aa7e192140 1301       1       java.util.stream.ReferencePipeline$StatelessOp::opIsStateful (2 bytes)
Event: 1.704 Thread 0x000002aa7e192140 nmethod 1301 0x000002aa07b4aa90 code [0x000002aa07b4ac20, 0x000002aa07b4acf8]
Event: 1.708 Thread 0x000002aa7e53e890 nmethod 1298 0x000002aa07b4ad90 code [0x000002aa07b4af20, 0x000002aa07b4b1d8]
Event: 1.710 Thread 0x000002aa7e192140 1302       3       jdk.internal.org.objectweb.asm.Handler::putExceptionTable (63 bytes)
Event: 1.710 Thread 0x000002aa7e192140 nmethod 1302 0x000002aa00253790 code [0x000002aa002539a0, 0x000002aa00253e28]
Event: 1.716 Thread 0x000002aa7e192140 1303       1       java.lang.reflect.Method::getModifiers (5 bytes)
Event: 1.716 Thread 0x000002aa7e192140 nmethod 1303 0x000002aa07b4b490 code [0x000002aa07b4b620, 0x000002aa07b4b6f8]
Event: 1.717 Thread 0x000002aa7e192140 1304       3       jdk.internal.org.objectweb.asm.Frame::accept (264 bytes)
Event: 1.718 Thread 0x000002aa7e192140 nmethod 1304 0x000002aa00254110 code [0x000002aa00254340, 0x000002aa00254c78]
Event: 1.718 Thread 0x000002aa7e192140 1305       3       jdk.internal.org.objectweb.asm.MethodWriter::visitFrameStart (55 bytes)
Event: 1.718 Thread 0x000002aa7e192140 nmethod 1305 0x000002aa00255010 code [0x000002aa002551c0, 0x000002aa002554f8]
Event: 1.718 Thread 0x000002aa7e192140 1306       3       jdk.internal.org.objectweb.asm.MethodWriter::visitFrameEnd (53 bytes)
Event: 1.718 Thread 0x000002aa7e192140 nmethod 1306 0x000002aa00255690 code [0x000002aa00255860, 0x000002aa00255d68]
Event: 1.718 Thread 0x000002aa7e192140 1307   !   3       sun.reflect.generics.factory.CoreReflectionFactory::makeNamedType (21 bytes)
Event: 1.718 Thread 0x000002aa7e192140 nmethod 1307 0x000002aa00255e90 code [0x000002aa00256060, 0x000002aa002562e8]
Event: 1.718 Thread 0x000002aa7e192140 1308       3       sun.reflect.generics.factory.CoreReflectionFactory::getDeclsLoader (85 bytes)

GC Heap History (2 events):
Event: 1.243 GC heap before
{Heap before GC invocations=0 (full 0):
 garbage-first heap   total 163840K, used 22528K [0x0000000761e00000, 0x0000000800000000)
  region size 2048K, 11 young (22528K), 0 survivors (0K)
 Metaspace       used 11187K, committed 11392K, reserved 1114112K
  class space    used 1183K, committed 1280K, reserved 1048576K
}
Event: 1.249 GC heap after
{Heap after GC invocations=1 (full 0):
 garbage-first heap   total 163840K, used 6426K [0x0000000761e00000, 0x0000000800000000)
  region size 2048K, 2 young (4096K), 2 survivors (4096K)
 Metaspace       used 11187K, committed 11392K, reserved 1114112K
  class space    used 1183K, committed 1280K, reserved 1048576K
}

Dll operation events (7 events):
Event: 0.029 Loaded shared library C:\Users\Lenovo\.vscode\extensions\redhat.java-1.30.0-win32-x64\jre\17.0.10-win32-x86_64\bin\java.dll
Event: 0.310 Loaded shared library C:\Users\Lenovo\.vscode\extensions\redhat.java-1.30.0-win32-x64\jre\17.0.10-win32-x86_64\bin\net.dll
Event: 0.315 Loaded shared library C:\Users\Lenovo\.vscode\extensions\redhat.java-1.30.0-win32-x64\jre\17.0.10-win32-x86_64\bin\nio.dll
Event: 0.322 Loaded shared library C:\Users\Lenovo\.vscode\extensions\redhat.java-1.30.0-win32-x64\jre\17.0.10-win32-x86_64\bin\zip.dll
Event: 0.532 Loaded shared library C:\Users\Lenovo\.vscode\extensions\redhat.java-1.30.0-win32-x64\jre\17.0.10-win32-x86_64\bin\jimage.dll
Event: 1.104 Loaded shared library C:\Users\Lenovo\.vscode\extensions\redhat.java-1.30.0-win32-x64\jre\17.0.10-win32-x86_64\bin\management.dll
Event: 1.108 Loaded shared library C:\Users\Lenovo\.vscode\extensions\redhat.java-1.30.0-win32-x64\jre\17.0.10-win32-x86_64\bin\management_ext.dll

Deoptimization events (20 events):
Event: 1.451 Thread 0x000002aa7f10c3a0 Uncommon trap: trap_request=0xffffffde fr.pc=0x000002aa07b3b02c relative=0x000000000000010c
Event: 1.451 Thread 0x000002aa7f10c3a0 Uncommon trap: reason=class_check action=maybe_recompile pc=0x000002aa07b3b02c method=jdk.internal.misc.Unsafe.allocateUninitializedArray(Ljava/lang/Class;I)Ljava/lang/Object; @ 51 c2
Event: 1.451 Thread 0x000002aa7f10c3a0 DEOPT PACKING pc=0x000002aa07b3b02c sp=0x000000d3390fc7a0
Event: 1.451 Thread 0x000002aa7f10c3a0 DEOPT UNPACKING pc=0x000002aa075869a3 sp=0x000000d3390fc728 mode 2
Event: 1.452 Thread 0x000002aa7f10c3a0 Uncommon trap: trap_request=0xffffffde fr.pc=0x000002aa07b3b02c relative=0x000000000000010c
Event: 1.452 Thread 0x000002aa7f10c3a0 Uncommon trap: reason=class_check action=maybe_recompile pc=0x000002aa07b3b02c method=jdk.internal.misc.Unsafe.allocateUninitializedArray(Ljava/lang/Class;I)Ljava/lang/Object; @ 51 c2
Event: 1.452 Thread 0x000002aa7f10c3a0 DEOPT PACKING pc=0x000002aa07b3b02c sp=0x000000d3390fc4f0
Event: 1.452 Thread 0x000002aa7f10c3a0 DEOPT UNPACKING pc=0x000002aa075869a3 sp=0x000000d3390fc478 mode 2
Event: 1.661 Thread 0x000002aa7f10c3a0 Uncommon trap: trap_request=0xffffffde fr.pc=0x000002aa07b3e288 relative=0x0000000000000808
Event: 1.661 Thread 0x000002aa7f10c3a0 Uncommon trap: reason=class_check action=maybe_recompile pc=0x000002aa07b3e288 method=java.util.HashMap.putVal(ILjava/lang/Object;Ljava/lang/Object;ZZ)Ljava/lang/Object; @ 91 c2
Event: 1.661 Thread 0x000002aa7f10c3a0 DEOPT PACKING pc=0x000002aa07b3e288 sp=0x000000d3390fd9b0
Event: 1.661 Thread 0x000002aa7f10c3a0 DEOPT UNPACKING pc=0x000002aa075869a3 sp=0x000000d3390fd8c0 mode 2
Event: 1.662 Thread 0x000002aa7f10c3a0 Uncommon trap: trap_request=0xffffffde fr.pc=0x000002aa07b3e288 relative=0x0000000000000808
Event: 1.662 Thread 0x000002aa7f10c3a0 Uncommon trap: reason=class_check action=maybe_recompile pc=0x000002aa07b3e288 method=java.util.HashMap.putVal(ILjava/lang/Object;Ljava/lang/Object;ZZ)Ljava/lang/Object; @ 91 c2
Event: 1.662 Thread 0x000002aa7f10c3a0 DEOPT PACKING pc=0x000002aa07b3e288 sp=0x000000d3390fd9b0
Event: 1.662 Thread 0x000002aa7f10c3a0 DEOPT UNPACKING pc=0x000002aa075869a3 sp=0x000000d3390fd8c0 mode 2
Event: 1.663 Thread 0x000002aa7f10c3a0 Uncommon trap: trap_request=0xffffffde fr.pc=0x000002aa07b3e288 relative=0x0000000000000808
Event: 1.663 Thread 0x000002aa7f10c3a0 Uncommon trap: reason=class_check action=maybe_recompile pc=0x000002aa07b3e288 method=java.util.HashMap.putVal(ILjava/lang/Object;Ljava/lang/Object;ZZ)Ljava/lang/Object; @ 91 c2
Event: 1.663 Thread 0x000002aa7f10c3a0 DEOPT PACKING pc=0x000002aa07b3e288 sp=0x000000d3390fd9b0
Event: 1.663 Thread 0x000002aa7f10c3a0 DEOPT UNPACKING pc=0x000002aa075869a3 sp=0x000000d3390fd8c0 mode 2

Classes unloaded (0 events):
No events

Classes redefined (0 events):
No events

Internal exceptions (20 events):
Event: 1.052 Thread 0x000002aa706ce7d0 Exception <a 'java/lang/NoSuchMethodError'{0x000000076af7f4c8}: 'void java.lang.invoke.DirectMethodHandle$Holder.invokeStatic(java.lang.Object, java.lang.Object, java.lang.Object)'> (0x000000076af7f4c8) 
thrown [s\src\hotspot\share\interpreter\linkResolver.cpp, line 759]
Event: 1.055 Thread 0x000002aa706ce7d0 Exception <a 'java/lang/NoSuchMethodError'{0x000000076af94f88}: 'java.lang.Object java.lang.invoke.DirectMethodHandle$Holder.invokeSpecialIFC(java.lang.Object, java.lang.Object, java.lang.Object, java.lang.Object)'> (0x000000076af94f88) 
thrown [s\src\hotspot\share\interpreter\linkResolver.cpp, line 759]
Event: 1.063 Thread 0x000002aa706ce7d0 Exception <a 'java/lang/NoSuchMethodError'{0x000000076afb4078}: 'java.lang.Object java.lang.invoke.DirectMethodHandle$Holder.invokeInterface(java.lang.Object, java.lang.Object, java.lang.Object)'> (0x000000076afb4078) 
thrown [s\src\hotspot\share\interpreter\linkResolver.cpp, line 759]
Event: 1.101 Thread 0x000002aa706ce7d0 Exception <a 'java/lang/NoSuchMethodError'{0x000000076acb2200}: 'java.lang.Object java.lang.invoke.DirectMethodHandle$Holder.invokeStaticInit(java.lang.Object)'> (0x000000076acb2200) 
thrown [s\src\hotspot\share\interpreter\linkResolver.cpp, line 759]
Event: 1.118 Thread 0x000002aa706ce7d0 Exception <a 'java/lang/NoSuchMethodError'{0x000000076acd19e8}: 'int java.lang.invoke.DirectMethodHandle$Holder.invokeSpecial(java.lang.Object, java.lang.Object, java.lang.Object)'> (0x000000076acd19e8) 
thrown [s\src\hotspot\share\interpreter\linkResolver.cpp, line 759]
Event: 1.218 Thread 0x000002aa7f10c3a0 Exception <a 'java/lang/NoSuchMethodError'{0x000000076a947270}: 'int java.lang.invoke.DirectMethodHandle$Holder.invokeStaticInit(java.lang.Object, java.lang.Object, java.lang.Object)'> (0x000000076a947270) 
thrown [s\src\hotspot\share\interpreter\linkResolver.cpp, line 759]
Event: 1.230 Thread 0x000002aa7f10c3a0 Exception <a 'java/lang/NoSuchMethodError'{0x000000076a9a0610}: 'java.lang.Object java.lang.invoke.DirectMethodHandle$Holder.newInvokeSpecial(java.lang.Object, java.lang.Object, java.lang.Object, java.lang.Object, java.lang.Object)'> (0x000000076a9a0610) 
thrown [s\src\hotspot\share\interpreter\linkResolver.cpp, line 759]
Event: 1.239 Thread 0x000002aa7f10c3a0 Exception <a 'java/lang/NoSuchMethodError'{0x000000076a9f12b8}: 'java.lang.Object java.lang.invoke.DirectMethodHandle$Holder.invokeStaticInit(java.lang.Object, java.lang.Object, java.lang.Object)'> (0x000000076a9f12b8) 
thrown [s\src\hotspot\share\interpreter\linkResolver.cpp, line 759]
Event: 1.287 Thread 0x000002aa7f10c3a0 Exception <a 'java/lang/IncompatibleClassChangeError'{0x000000076bc7caa8}: Found class java.lang.Object, but interface was expected> (0x000000076bc7caa8) 
thrown [s\src\hotspot\share\interpreter\linkResolver.cpp, line 826]
Event: 1.310 Thread 0x000002aa7f10c3a0 Exception <a 'sun/nio/fs/WindowsException'{0x000000076bd378f0}> (0x000000076bd378f0) 
thrown [s\src\hotspot\share\prims\jni.cpp, line 516]
Event: 1.537 Thread 0x000002aa7f10c3a0 Exception <a 'java/lang/NoSuchMethodError'{0x000000076b6d9f98}: 'java.lang.Object java.lang.invoke.DirectMethodHandle$Holder.newInvokeSpecial(java.lang.Object, java.lang.Object, java.lang.Object, java.lang.Object, java.lang.Object, java.lang.Object, java.lang.Object)'> (0x000000076b6d9f98) 
thrown [s\src\hotspot\share\interpreter\linkResolver.cpp, line 759]
Event: 1.538 Thread 0x000002aa7f10c3a0 Exception <a 'java/lang/NoSuchMethodError'{0x000000076b6dec00}: 'java.lang.Object java.lang.invoke.Invokers$Holder.linkToTargetMethod(java.lang.Object, java.lang.Object, java.lang.Object, java.lang.Object, java.lang.Object, java.lang.Object, java.lang.Object)'> (0x000000076b6dec00) 
thrown [s\src\hotspot\share\interpreter\linkResolver.cpp, line 759]
Event: 1.545 Thread 0x000002aa7f10c3a0 Exception <a 'java/lang/NoSuchMethodError'{0x000000076b6fa048}: 'void java.lang.invoke.DirectMethodHandle$Holder.invokeStatic(java.lang.Object, java.lang.Object)'> (0x000000076b6fa048) 
thrown [s\src\hotspot\share\interpreter\linkResolver.cpp, line 759]
Event: 1.546 Thread 0x000002aa7f10c3a0 Exception <a 'java/lang/NoSuchMethodError'{0x000000076b6fdaf0}: 'void java.lang.invoke.DirectMethodHandle$Holder.invokeStaticInit(java.lang.Object, java.lang.Object)'> (0x000000076b6fdaf0) 
thrown [s\src\hotspot\share\interpreter\linkResolver.cpp, line 759]
Event: 1.559 Thread 0x000002aa7f10c3a0 Exception <a 'java/lang/NoSuchMethodError'{0x000000076b74bcb8}: 'int java.lang.invoke.DirectMethodHandle$Holder.invokeStatic(java.lang.Object, java.lang.Object, java.lang.Object, java.lang.Object)'> (0x000000076b74bcb8) 
thrown [s\src\hotspot\share\interpreter\linkResolver.cpp, line 759]
Event: 1.559 Thread 0x000002aa7f10c3a0 Exception <a 'java/lang/NoSuchMethodError'{0x000000076b74f878}: 'java.lang.Object java.lang.invoke.Invokers$Holder.invokeExact_MT(java.lang.Object, java.lang.Object, java.lang.Object, java.lang.Object, java.lang.Object, java.lang.Object)'> (0x000000076b74f878) 
thrown [s\src\hotspot\share\interpreter\linkResolver.cpp, line 759]
Event: 1.584 Thread 0x000002aa7f10c3a0 Exception <a 'java/lang/NoSuchMethodError'{0x000000076b7b0fc8}: 'java.lang.Object java.lang.invoke.DirectMethodHandle$Holder.invokeSpecial(java.lang.Object, java.lang.Object, java.lang.Object, java.lang.Object, java.lang.Object, java.lang.Object, int)'> (0x000000076b7b0fc8) 
thrown [s\src\hotspot\share\interpreter\linkResolver.cpp, line 759]
Event: 1.585 Thread 0x000002aa7f10c3a0 Exception <a 'java/lang/NoSuchMethodError'{0x000000076b7bb530}: 'java.lang.Object java.lang.invoke.DirectMethodHandle$Holder.newInvokeSpecial(java.lang.Object, java.lang.Object, java.lang.Object, java.lang.Object, java.lang.Object, java.lang.Object, int)'> (0x000000076b7bb530) 
thrown [s\src\hotspot\share\interpreter\linkResolver.cpp, line 759]
Event: 1.586 Thread 0x000002aa7f10c3a0 Exception <a 'java/lang/NoSuchMethodError'{0x000000076b7c0570}: 'java.lang.Object java.lang.invoke.DirectMethodHandle$Holder.invokeSpecial(java.lang.Object, java.lang.Object, java.lang.Object, java.lang.Object, java.lang.Object, java.lang.Object, java.lang.Object, int)'> (0x000000076b7c0570) 
thrown [s\src\hotspot\share\interpreter\linkResolver.cpp, line 759]
Event: 1.666 Thread 0x000002aa7f10c3a0 Exception <a 'java/lang/NoSuchMethodError'{0x000000076b4fc360}: 'int java.lang.invoke.DirectMethodHandle$Holder.invokeInterface(java.lang.Object, java.lang.Object)'> (0x000000076b4fc360) 
thrown [s\src\hotspot\share\interpreter\linkResolver.cpp, line 759]

VM Operations (14 events):
Event: 0.341 Executing VM operation: HandshakeAllThreads
Event: 0.341 Executing VM operation: HandshakeAllThreads done
Event: 0.542 Executing VM operation: HandshakeAllThreads
Event: 0.542 Executing VM operation: HandshakeAllThreads done
Event: 0.781 Executing VM operation: HandshakeAllThreads
Event: 0.781 Executing VM operation: HandshakeAllThreads done
Event: 0.818 Executing VM operation: HandshakeAllThreads
Event: 0.818 Executing VM operation: HandshakeAllThreads done
Event: 1.243 Executing VM operation: G1CollectForAllocation
Event: 1.249 Executing VM operation: G1CollectForAllocation done
Event: 1.311 Executing VM operation: HandshakeAllThreads
Event: 1.311 Executing VM operation: HandshakeAllThreads done
Event: 1.692 Executing VM operation: HandshakeAllThreads
Event: 1.692 Executing VM operation: HandshakeAllThreads done

Events (20 events):
Event: 1.688 loading class java/util/Formatter$Conversion
Event: 1.688 loading class java/util/Formatter$Conversion done
Event: 1.688 loading class java/util/Formatter$FormatSpecifier
Event: 1.689 loading class java/util/Formatter$FormatSpecifier done
Event: 1.689 loading class java/util/Formatter$Flags
Event: 1.689 loading class java/util/Formatter$Flags done
Event: 1.689 loading class java/util/Formattable
Event: 1.689 loading class java/util/Formattable done
Event: 1.692 loading class java/io/LineNumberReader
Event: 1.692 loading class java/io/LineNumberReader done
Event: 1.693 loading class sun/net/ProgressMonitor
Event: 1.693 loading class sun/net/ProgressMonitor done
Event: 1.693 loading class sun/net/DefaultProgressMeteringPolicy
Event: 1.693 loading class sun/net/ProgressMeteringPolicy
Event: 1.693 loading class sun/net/ProgressMeteringPolicy done
Event: 1.693 loading class sun/net/DefaultProgressMeteringPolicy done
Event: 1.694 loading class sun/nio/cs/ISO_8859_1$Decoder
Event: 1.694 loading class sun/nio/cs/ISO_8859_1$Decoder done
Event: 1.710 loading class java/util/stream/MatchOps$1MatchSink
Event: 1.710 loading class java/util/stream/MatchOps$1MatchSink done


Dynamic libraries:
0x00007ff7ccaa0000 - 0x00007ff7ccaae000 	C:\Users\Lenovo\.vscode\extensions\redhat.java-1.30.0-win32-x64\jre\17.0.10-win32-x86_64\bin\java.exe
0x00007ffbe0610000 - 0x00007ffbe0826000 	C:\WINDOWS\SYSTEM32\ntdll.dll
0x00007ffbdf520000 - 0x00007ffbdf5e4000 	C:\WINDOWS\System32\KERNEL32.DLL
0x00007ffbddf30000 - 0x00007ffbde2d7000 	C:\WINDOWS\System32\KERNELBASE.dll
0x00007ffbddcd0000 - 0x00007ffbddde1000 	C:\WINDOWS\System32\ucrtbase.dll
0x00007ffbb6aa0000 - 0x00007ffbb6abb000 	C:\Users\Lenovo\.vscode\extensions\redhat.java-1.30.0-win32-x64\jre\17.0.10-win32-x86_64\bin\VCRUNTIME140.dll
0x00007ffbbace0000 - 0x00007ffbbacf7000 	C:\Users\Lenovo\.vscode\extensions\redhat.java-1.30.0-win32-x64\jre\17.0.10-win32-x86_64\bin\jli.dll
0x00007ffbdf2a0000 - 0x00007ffbdf44e000 	C:\WINDOWS\System32\USER32.dll
0x00007ffbde310000 - 0x00007ffbde336000 	C:\WINDOWS\System32\win32u.dll
0x00007ffbcc930000 - 0x00007ffbccbc3000 	C:\WINDOWS\WinSxS\amd64_microsoft.windows.common-controls_6595b64144ccf1df_6.0.22621.3235_none_270f74e173860f98\COMCTL32.dll
0x00007ffbdf5f0000 - 0x00007ffbdf697000 	C:\WINDOWS\System32\msvcrt.dll
0x00007ffbdf470000 - 0x00007ffbdf499000 	C:\WINDOWS\System32\GDI32.dll
0x00007ffbdd9a0000 - 0x00007ffbddab9000 	C:\WINDOWS\System32\gdi32full.dll
0x00007ffbddac0000 - 0x00007ffbddb5a000 	C:\WINDOWS\System32\msvcp_win.dll
0x00007ffbdfc10000 - 0x00007ffbdfc41000 	C:\WINDOWS\System32\IMM32.DLL
0x00007ffbd5ff0000 - 0x00007ffbd5ffc000 	C:\Users\Lenovo\.vscode\extensions\redhat.java-1.30.0-win32-x64\jre\17.0.10-win32-x86_64\bin\vcruntime140_1.dll
0x00007ffb5faf0000 - 0x00007ffb5fb7d000 	C:\Users\Lenovo\.vscode\extensions\redhat.java-1.30.0-win32-x64\jre\17.0.10-win32-x86_64\bin\msvcp140.dll
0x00007ffb396c0000 - 0x00007ffb3a322000 	C:\Users\Lenovo\.vscode\extensions\redhat.java-1.30.0-win32-x64\jre\17.0.10-win32-x86_64\bin\server\jvm.dll
0x00007ffbdf6d0000 - 0x00007ffbdf782000 	C:\WINDOWS\System32\ADVAPI32.dll
0x00007ffbdfd10000 - 0x00007ffbdfdb8000 	C:\WINDOWS\System32\sechost.dll
0x00007ffbde2e0000 - 0x00007ffbde308000 	C:\WINDOWS\System32\bcrypt.dll
0x00007ffbde5e0000 - 0x00007ffbde6f5000 	C:\WINDOWS\System32\RPCRT4.dll
0x00007ffbd5090000 - 0x00007ffbd50c4000 	C:\WINDOWS\SYSTEM32\WINMM.dll
0x00007ffbdd800000 - 0x00007ffbdd84d000 	C:\WINDOWS\SYSTEM32\POWRPROF.dll
0x00007ffbd0550000 - 0x00007ffbd0559000 	C:\WINDOWS\SYSTEM32\WSOCK32.dll
0x00007ffbd5860000 - 0x00007ffbd586a000 	C:\WINDOWS\SYSTEM32\VERSION.dll
0x00007ffbdf4a0000 - 0x00007ffbdf511000 	C:\WINDOWS\System32\WS2_32.dll
0x00007ffbdd7e0000 - 0x00007ffbdd7f3000 	C:\WINDOWS\SYSTEM32\UMPDC.dll
0x00007ffbdc970000 - 0x00007ffbdc988000 	C:\WINDOWS\SYSTEM32\kernel.appcore.dll
0x00007ffbcb480000 - 0x00007ffbcb48a000 	C:\Users\Lenovo\.vscode\extensions\redhat.java-1.30.0-win32-x64\jre\17.0.10-win32-x86_64\bin\jimage.dll
0x00007ffbdb340000 - 0x00007ffbdb573000 	C:\WINDOWS\SYSTEM32\DBGHELP.DLL
0x00007ffbdfdc0000 - 0x00007ffbe0148000 	C:\WINDOWS\System32\combase.dll
0x00007ffbde350000 - 0x00007ffbde427000 	C:\WINDOWS\System32\OLEAUT32.dll
0x00007ffbbd4d0000 - 0x00007ffbbd502000 	C:\WINDOWS\SYSTEM32\dbgcore.DLL
0x00007ffbdddf0000 - 0x00007ffbdde69000 	C:\WINDOWS\System32\bcryptPrimitives.dll
0x00007ffb7ba10000 - 0x00007ffb7ba35000 	C:\Users\Lenovo\.vscode\extensions\redhat.java-1.30.0-win32-x64\jre\17.0.10-win32-x86_64\bin\java.dll
0x00007ffbb68d0000 - 0x00007ffbb68e8000 	C:\Users\Lenovo\.vscode\extensions\redhat.java-1.30.0-win32-x64\jre\17.0.10-win32-x86_64\bin\zip.dll
0x00007ffbdea40000 - 0x00007ffbdf29c000 	C:\WINDOWS\System32\SHELL32.dll
0x00007ffbdb890000 - 0x00007ffbdc189000 	C:\WINDOWS\SYSTEM32\windows.storage.dll
0x00007ffbdb750000 - 0x00007ffbdb88e000 	C:\WINDOWS\SYSTEM32\wintypes.dll
0x00007ffbdfb10000 - 0x00007ffbdfc03000 	C:\WINDOWS\System32\SHCORE.dll
0x00007ffbdfcb0000 - 0x00007ffbdfd0e000 	C:\WINDOWS\System32\shlwapi.dll
0x00007ffbdd860000 - 0x00007ffbdd881000 	C:\WINDOWS\SYSTEM32\profapi.dll
0x00007ffbae5b0000 - 0x00007ffbae5c9000 	C:\Users\Lenovo\.vscode\extensions\redhat.java-1.30.0-win32-x64\jre\17.0.10-win32-x86_64\bin\net.dll
0x00007ffbd5b60000 - 0x00007ffbd5c96000 	C:\WINDOWS\SYSTEM32\WINHTTP.dll
0x00007ffbdcde0000 - 0x00007ffbdce49000 	C:\WINDOWS\system32\mswsock.dll
0x00007ffba0db0000 - 0x00007ffba0dc6000 	C:\Users\Lenovo\.vscode\extensions\redhat.java-1.30.0-win32-x64\jre\17.0.10-win32-x86_64\bin\nio.dll
0x00007ffbd8920000 - 0x00007ffbd8929000 	C:\Users\Lenovo\.vscode\extensions\redhat.java-1.30.0-win32-x64\jre\17.0.10-win32-x86_64\bin\management.dll
0x00007ffbd23f0000 - 0x00007ffbd23fb000 	C:\Users\Lenovo\.vscode\extensions\redhat.java-1.30.0-win32-x64\jre\17.0.10-win32-x86_64\bin\management_ext.dll
0x00007ffbdf7e0000 - 0x00007ffbdf7e8000 	C:\WINDOWS\System32\PSAPI.DLL

dbghelp: loaded successfully - version: 4.0.5 - missing functions: none
symbol engine: initialized successfully - sym options: 0x614 - pdb path: .;C:\Users\Lenovo\.vscode\extensions\redhat.java-1.30.0-win32-x64\jre\17.0.10-win32-x86_64\bin;C:\WINDOWS\SYSTEM32;C:\WINDOWS\WinSxS\amd64_microsoft.windows.common-controls_6595b64144ccf1df_6.0.22621.3235_none_270f74e173860f98;C:\Users\Lenovo\.vscode\extensions\redhat.java-1.30.0-win32-x64\jre\17.0.10-win32-x86_64\bin\server

VM Arguments:
jvm_args: -XX:+ShowCodeDetailsInExceptionMessages -Dspring.jmx.enabled=true -Dmanagement.endpoints.jmx.exposure.include=* -Dspring.application.admin.enabled=true -Dspring.boot.project.name=bancandes -Djava.rmi.server.hostname=localhost 
java_command: com.bancandes.BancandesApplication
java_class_path (initial): C:\Users\Lenovo\Documents\A3\bancandes\target\classes;C:\Users\Lenovo\.m2\repository\org\springframework\boot\spring-boot-starter-actuator\3.2.5\spring-boot-starter-actuator-3.2.5.jar;C:\Users\Lenovo\.m2\repository\org\springframework\boot\spring-boot-starter\3.2.5\spring-boot-starter-3.2.5.jar;C:\Users\Lenovo\.m2\repository\org\springframework\boot\spring-boot-starter-logging\3.2.5\spring-boot-starter-logging-3.2.5.jar;C:\Users\Lenovo\.m2\repository\ch\qos\logback\logback-classic\1.4.14\logback-classic-1.4.14.jar;C:\Users\Lenovo\.m2\repository\ch\qos\logback\logback-core\1.4.14\logback-core-1.4.14.jar;C:\Users\Lenovo\.m2\repository\org\apache\logging\log4j\log4j-to-slf4j\2.21.1\log4j-to-slf4j-2.21.1.jar;C:\Users\Lenovo\.m2\repository\org\apache\logging\log4j\log4j-api\2.21.1\log4j-api-2.21.1.jar;C:\Users\Lenovo\.m2\repository\org\slf4j\jul-to-slf4j\2.0.13\jul-to-slf4j-2.0.13.jar;C:\Users\Lenovo\.m2\repository\jakarta\annotation\jakarta.annotation-api\2.1.1\jakarta.annotation-api-2.1.1.jar;C:\Users\Lenovo\.m2\repository\org\yaml\snakeyaml\2.2\snakeyaml-2.2.jar;C:\Users\Lenovo\.m2\repository\org\springframework\boot\spring-boot-actuator-autoconfigure\3.2.5\spring-boot-actuator-autoconfigure-3.2.5.jar;C:\Users\Lenovo\.m2\repository\org\springframework\boot\spring-boot-actuator\3.2.5\spring-boot-actuator-3.2.5.jar;C:\Users\Lenovo\.m2\repository\com\fasterxml\jackson\core\jackson-databind\2.15.4\jackson-databind-2.15.4.jar;C:\Users\Lenovo\.m2\repository\com\fasterxml\jackson\core\jackson-annotations\2.15.4\jackson-annotations-2.15.4.jar;C:\Users\Lenovo\.m2\repository\com\fasterxml\jackson\core\jackson-core\2.15.4\jackson-core-2.15.4.jar;C:\Users\Lenovo\.m2\repository\com\fasterxml\jackson\datatype\jackson-datatype-jsr310\2.15.4\jackson-datatype-jsr310-2.15.4.jar;C:\Users\Lenovo\.m2\repository\io\micrometer\micrometer-observation\1.12.5\micrometer-observation-1.12.5.jar;C:\Users\Lenovo\.m2\repository\io\micrometer\micrometer-commons\1.12.5\mi
Launcher Type: SUN_STANDARD

[Global flags]
     intx CICompilerCount                          = 4                                         {product} {ergonomic}
     uint ConcGCThreads                            = 2                                         {product} {ergonomic}
     uint G1ConcRefinementThreads                  = 8                                         {product} {ergonomic}
   size_t G1HeapRegionSize                         = 2097152                                   {product} {ergonomic}
    uintx GCDrainStackTargetSize                   = 64                                        {product} {ergonomic}
   size_t InitialHeapSize                          = 167772160                                 {product} {ergonomic}
   size_t MarkStackSize                            = 4194304                                   {product} {ergonomic}
   size_t MaxHeapSize                              = 2652897280                                {product} {ergonomic}
   size_t MaxNewSize                               = 1591738368                                {product} {ergonomic}
   size_t MinHeapDeltaBytes                        = 2097152                                   {product} {ergonomic}
   size_t MinHeapSize                              = 8388608                                   {product} {ergonomic}
    uintx NonNMethodCodeHeapSize                   = 5839372                                {pd product} {ergonomic}
    uintx NonProfiledCodeHeapSize                  = 122909434                              {pd product} {ergonomic}
    uintx ProfiledCodeHeapSize                     = 122909434                              {pd product} {ergonomic}
    uintx ReservedCodeCacheSize                    = 251658240                              {pd product} {ergonomic}
     bool SegmentedCodeCache                       = true                                      {product} {ergonomic}
     bool ShowCodeDetailsInExceptionMessages       = true                                   {manageable} {command line}
   size_t SoftMaxHeapSize                          = 2652897280                             {manageable} {ergonomic}
     bool UseCompressedClassPointers               = true                           {product lp64_product} {ergonomic}
     bool UseCompressedOops                        = true                           {product lp64_product} {ergonomic}
     bool UseG1GC                                  = true                                      {product} {ergonomic}
     bool UseLargePagesIndividualAllocation        = false                                  {pd product} {ergonomic}

Logging:
Log output configuration:
 #0: stdout all=warning uptime,level,tags
 #1: stderr all=off uptime,level,tags

Environment Variables:
PATH=C:\Program Files\Common Files\Oracle\Java\javapath;C:\Program Files (x86)\Common Files\Oracle\Java\javapath;C:\Program Files (x86)\Razer Chroma SDK\bin;C:\Program Files\Razer Chroma SDK\bin;C:\Program Files (x86)\Razer\ChromaBroadcast\bin;C:\Program Files\Razer\ChromaBroadcast\bin;C:\WINDOWS\system32;C:\WINDOWS;C:\WINDOWS\System32\Wbem;C:\WINDOWS\System32\WindowsPowerShell\v1.0\;C:\WINDOWS\System32\OpenSSH\;C:\Program Files\Git\cmd;C:\WINDOWS\system32\config\systemprofile\AppData\Local\Microsoft\WindowsApps;C:\Users\Lenovo\AppData\Local\Programs\Python\Python311\Scripts\;C:\Users\Lenovo\AppData\Local\Programs\Python\Python311\;C:\Users\Lenovo\AppData\Local\Microsoft\WindowsApps;C:\Users\Lenovo\AppData\Local\Programs\Microsoft VS Code\bin;C:\Users\Lenovo\AppData\Roaming\npm;C:\Program Files\nodejs\;C:\Users\Lenovo\AppData\Local\Programs\Python\Python311\;C:\Users\Lenovo\AppData\Local\Microsoft\WindowsApps;C:\Users\Lenovo\AppData\Local\Programs\Microsoft VS Code\bin;C:\Users\Lenovo\AppData\Local\GitHubDesktop\bin;C:\Users\Lenovo\AppData\Roaming\npm
USERNAME=Lenovo
LANG=en_US.UTF-8
OS=Windows_NT
PROCESSOR_IDENTIFIER=AMD64 Family 23 Model 24 Stepping 1, AuthenticAMD
TMP=C:\Users\Lenovo\AppData\Local\Temp
TEMP=C:\Users\Lenovo\AppData\Local\Temp



Periodic native trim disabled


---------------  S Y S T E M  ---------------

OS:
 Windows 11 , 64 bit Build 22621 (10.0.22621.3374)
OS uptime: 0 days 7:03 hours

CPU: total 8 (initial active 8) (8 cores per cpu, 2 threads per core) family 23 model 24 stepping 1 microcode 0x0, cx8, cmov, fxsr, ht, mmx, 3dnowpref, sse, sse2, sse3, ssse3, sse4a, sse4.1, sse4.2, popcnt, lzcnt, tsc, tscinvbit, avx, avx2, aes, clmul, bmi1, bmi2, adx, sha, fma, vzeroupper, clflush, clflushopt
Processor Information for all 8 processors :
  Max Mhz: 2100, Current Mhz: 2100, Mhz Limit: 2100

Memory: 4k page, system-wide physical 10116M (2115M free)
TotalPageFile size 12804M (AvailPageFile size 8M)
current process WorkingSet (physical memory assigned to process): 88M, peak: 88M
current process commit charge ("private bytes"): 263M, peak: 263M

vm_info: OpenJDK 64-Bit Server VM (17.0.10+7) for windows-amd64 JRE (17.0.10+7), built on Jan 16 2024 23:25:11 by "admin" with MS VC++ 16.10 / 16.11 (VS2019)

END.
